2025-02-26 10:23:55.458  INFO 43240 [           main] w.crm.WebbizzCrmWebAdminApplication      : [                  anonymousUser] Starting WebbizzCrmWebAdminApplication using Java 11.0.18 on DongJoonui-MacBookPro.local with PID 43240 (/Users/dongjoonoh/Documents/Projects/DMC-CNF/webbizz-crm-web-admin/build/classes/java/main started by dongjoonoh in /Users/dongjoonoh/Documents/Projects/DMC-CNF)
2025-02-26 10:23:55.461  INFO 43240 [           main] w.crm.WebbizzCrmWebAdminApplication      : [                  anonymousUser] The following 1 profile is active: "local"
2025-02-26 10:23:55.874  INFO 43240 [           main] .s.d.r.c.RepositoryConfigurationDelegate : [                  anonymousUser] Bootstrapping Spring Data JPA repositories in DEFAULT mode.
2025-02-26 10:23:55.947  INFO 43240 [           main] .s.d.r.c.RepositoryConfigurationDelegate : [                  anonymousUser] Finished Spring Data repository scanning in 67 ms. Found 17 JPA repository interfaces.
2025-02-26 10:23:56.419  INFO 43240 [           main] o.s.b.w.embedded.tomcat.TomcatWebServer  : [                  anonymousUser] Tomcat initialized with port(s): 8081 (http)
2025-02-26 10:23:56.424  INFO 43240 [           main] o.a.coyote.http11.Http11NioProtocol      : [                  anonymousUser] Initializing ProtocolHandler ["http-nio-8081"]
2025-02-26 10:23:56.424  INFO 43240 [           main] o.apache.catalina.core.StandardService   : [                  anonymousUser] Starting service [Tomcat]
2025-02-26 10:23:56.424  INFO 43240 [           main] org.apache.catalina.core.StandardEngine  : [                  anonymousUser] Starting Servlet engine: [Apache Tomcat/9.0.75]
2025-02-26 10:23:56.469  INFO 43240 [           main] o.a.c.c.C.[Tomcat].[localhost].[/]       : [                  anonymousUser] Initializing Spring embedded WebApplicationContext
2025-02-26 10:23:56.469  INFO 43240 [           main] w.s.c.ServletWebServerApplicationContext : [                  anonymousUser] Root WebApplicationContext: initialization completed in 900 ms
2025-02-26 10:23:56.718  INFO 43240 [           main] com.zaxxer.hikari.HikariDataSource       : [                  anonymousUser] HikariPool-1 - Starting...
2025-02-26 10:23:56.850  INFO 43240 [           main] com.zaxxer.hikari.HikariDataSource       : [                  anonymousUser] HikariPool-1 - Start completed.
2025-02-26 10:23:57.377  INFO 43240 [           main] jdbc.sqltiming                           : [                  anonymousUser] 2. executed in 6 ms | executeQuery()
[35m[log4jdbc][0m 
    [34mselect[0m
        table_name 
    [34mfrom[0m
        information_schema.tables 
    [34mwhere[0m
        table_schema = database() 
        [34mand[0m table_type = [36m'[34mSEQUENCE[0m'[0m

2025-02-26 10:23:57.382  INFO 43240 [           main] jdbc.resultsettable                      : [                  anonymousUser] 
|-----------|
|table_name |
|-----------|
|-----------|

2025-02-26 10:23:57.426  INFO 43240 [           main] j.LocalContainerEntityManagerFactoryBean : [                  anonymousUser] Initialized JPA EntityManagerFactory for persistence unit 'primaryEntityManager'
2025-02-26 10:23:58.779  INFO 43240 [           main] o.s.s.web.DefaultSecurityFilterChain     : [                  anonymousUser] Will secure any request with [org.springframework.security.web.session.DisableEncodeUrlFilter@227ae4e4, org.springframework.security.web.context.request.async.WebAsyncManagerIntegrationFilter@7cc966a9, org.springframework.security.web.context.SecurityContextPersistenceFilter@f4e235e, org.springframework.security.web.header.HeaderWriterFilter@3eb4fdd5, org.springframework.security.web.authentication.logout.LogoutFilter@7ebf5bf, org.springframework.security.web.authentication.UsernamePasswordAuthenticationFilter@762e3836, org.springframework.security.web.session.ConcurrentSessionFilter@2aec09a3, org.springframework.security.web.savedrequest.RequestCacheAwareFilter@37a74cf4, org.springframework.security.web.servletapi.SecurityContextHolderAwareRequestFilter@40af3dd8, org.springframework.security.web.authentication.AnonymousAuthenticationFilter@77fd5501, org.springframework.security.web.session.SessionManagementFilter@52dfd7f5, org.springframework.security.web.access.ExceptionTranslationFilter@58f27c37, org.springframework.security.web.access.intercept.AuthorizationFilter@466c39de]
2025-02-26 10:23:58.908  INFO 43240 [           main] o.s.b.a.w.s.WelcomePageHandlerMapping    : [                  anonymousUser] Adding welcome page template: index
2025-02-26 10:23:59.194  INFO 43240 [           main] o.a.coyote.http11.Http11NioProtocol      : [                  anonymousUser] Starting ProtocolHandler ["http-nio-8081"]
2025-02-26 10:23:59.211  INFO 43240 [           main] o.s.b.w.embedded.tomcat.TomcatWebServer  : [                  anonymousUser] Tomcat started on port(s): 8081 (http) with context path ''
2025-02-26 10:23:59.219  INFO 43240 [           main] w.crm.WebbizzCrmWebAdminApplication      : [                  anonymousUser] Started WebbizzCrmWebAdminApplication in 3.988 seconds (JVM running for 4.321)
2025-02-26 10:24:01.609  INFO 43240 [nio-8081-exec-1] o.a.c.c.C.[Tomcat].[localhost].[/]       : [                  anonymousUser] Initializing Spring DispatcherServlet 'dispatcherServlet'
2025-02-26 10:24:01.610  INFO 43240 [nio-8081-exec-1] o.s.web.servlet.DispatcherServlet        : [                  anonymousUser] Initializing Servlet 'dispatcherServlet'
2025-02-26 10:24:01.611  INFO 43240 [nio-8081-exec-1] o.s.web.servlet.DispatcherServlet        : [                  anonymousUser] Completed initialization in 1 ms
2025-02-26 10:24:01.691  INFO 43240 [nio-8081-exec-2] jdbc.sqltiming                           : [3B0ADAAEB8A2      anonymousUser] 3. executed in 6 ms | executeUpdate()
[35m[log4jdbc][0m 
    [34mINSERT[0m 
    [34mINTO[0m
        visitor_log
        (application_name, member_id, remote_addr, request_uri, group_date, created_at) 
    [34mVALUES[0m
        ([36m'webbizz-crm-web-admin'[0m, -1, [36m'0:0:0:0:0:0:0:1'[0m, [36m'/login'[0m, [36m'2025-02-26 00:00:00.000'[0m, [36m'2025-02-26 10:24:01.677'[0m) 
            [34mON[0m DUPLICATE [34mKEY[0m [34mUPDATE[0m
                hits = hits + 1,
            updated_at = [36m'2025-02-26 10:24:01.677'[0m

2025-02-26 10:24:03.478  INFO 43240 [nio-8081-exec-6] jdbc.sqltiming                           : [3B0ADAAEB8A2      anonymousUser] 4. executed in 5 ms | executeQuery()
[35m[log4jdbc][0m 
    [34mselect[0m
        member0_.member_id [34mas[0m member_i1_7_,
        member0_.created_at [34mas[0m created_2_7_,
        member0_.created_id [34mas[0m created_3_7_,
        member0_.del_yn [34mas[0m del_yn4_7_,
        member0_.updated_at [34mas[0m updated_5_7_,
        member0_.updated_id [34mas[0m updated_6_7_,
        member0_.version [34mas[0m version7_7_,
        member0_.allow_ip_addresses_json [34mas[0m allow_ip8_7_,
        member0_.email [34mas[0m email9_7_,
        member0_.last_login_at [34mas[0m last_lo10_7_,
        member0_.login_id [34mas[0m login_i11_7_,
        member0_.mobile_number [34mas[0m mobile_12_7_,
        member0_.password [34mas[0m passwor13_7_,
        member0_.real_name [34mas[0m real_na14_7_,
        member0_.role [34mas[0m role15_7_,
        member0_.status_code [34mas[0m status_16_7_,
        member0_.telephone_number [34mas[0m telepho17_7_,
        member0_.withdrawal_at [34mas[0m withdra18_7_,
        member0_.withdrawal_reason [34mas[0m withdra19_7_ 
    [34mfrom[0m
        [34mmember[0m member0_ 
    [34mwhere[0m
        member0_.login_id=[36m'admin'[0m 
        [34mand[0m member0_.role=[36m'ROLE_ADMIN'[0m 
        [34mand[0m member0_.del_yn=[36m'N'[0m

2025-02-26 10:24:03.494  INFO 43240 [nio-8081-exec-6] jdbc.resultsettable                      : [3B0ADAAEB8A2      anonymousUser] 
|----------|----------------------|--------------|-------|---------------------------|-----------|--------|------------------------|--------------------|---------------------------|---------|--------------|-------------------------------------------------------------|----------|-----------|------------|-----------------|--------------|------------------|
|member_id |created_at            |created_id    |del_yn |updated_at                 |updated_id |version |allow_ip_addresses_json |email               |last_login_at              |login_id |mobile_number |password                                                     |real_name |role       |status_code |telephone_number |withdrawal_at |withdrawal_reason |
|----------|----------------------|--------------|-------|---------------------------|-----------|--------|------------------------|--------------------|---------------------------|---------|--------------|-------------------------------------------------------------|----------|-----------|------------|-----------------|--------------|------------------|
|1         |2024-11-18 18:00:00.0 |anonymousUser |N      |2025-02-26 10:03:21.296153 |1:admin    |489     |[unread]                |admin@webbizz.co.kr |2025-02-26 10:03:21.264315 |admin    |NULL          |$2a$10$rT2ltflSB9lUQrkf6YDj.uY1RZXx/jIJaR3zgY7S5o4DultRxPBG. |관리자     |ROLE_ADMIN |NORMAL      |01012345678      |NULL          |[unread]          |
|----------|----------------------|--------------|-------|---------------------------|-----------|--------|------------------------|--------------------|---------------------------|---------|--------------|-------------------------------------------------------------|----------|-----------|------------|-----------------|--------------|------------------|

2025-02-26 10:24:03.506  INFO 43240 [nio-8081-exec-6] jdbc.sqltiming                           : [3B0ADAAEB8A2      anonymousUser] 4. executed in 4 ms | executeQuery()
[35m[log4jdbc][0m 
    [34mselect[0m
        authoritie0_.member_id [34mas[0m member_i5_9_0_,
        authoritie0_.member_authority_id [34mas[0m member_a1_9_0_,
        authoritie0_.member_authority_id [34mas[0m member_a1_9_1_,
        authoritie0_.created_at [34mas[0m created_2_9_1_,
        authoritie0_.created_id [34mas[0m created_3_9_1_,
        authoritie0_.authority_pattern_id [34mas[0m authorit4_9_1_,
        authoritie0_.member_id [34mas[0m member_i5_9_1_,
        authorityp1_.authority_pattern_id [34mas[0m authorit1_1_2_,
        authorityp1_.created_at [34mas[0m created_2_1_2_,
        authorityp1_.created_id [34mas[0m created_3_1_2_,
        authorityp1_.depth [34mas[0m depth4_1_2_,
        authorityp1_.description [34mas[0m descript5_1_2_,
        authorityp1_.manage_yn [34mas[0m manage_y6_1_2_,
        authorityp1_.authority_name [34mas[0m authorit7_1_2_,
        authorityp1_.parent_authority_pattern_id [34mas[0m parent_a8_1_2_,
        authorityp1_.role [34mas[0m role9_1_2_,
        authorityp1_.sort_order [34mas[0m sort_or10_1_2_,
        authorityp1_.url_pattern [34mas[0m url_pat11_1_2_ 
    [34mfrom[0m
        member_authority authoritie0_ 
    [34minner[0m [34mjoin[0m
        authority_pattern authorityp1_ 
            [34mon[0m authoritie0_.authority_pattern_id=authorityp1_.authority_pattern_id 
    [34mwhere[0m
        authoritie0_.member_id=1

2025-02-26 10:24:03.513  INFO 43240 [nio-8081-exec-6] jdbc.resultsettable                      : [3B0ADAAEB8A2      anonymousUser] 
|----------|--------------------|--------------------|---------------------------|-----------|---------------------|----------|---------------------|----------------------|-----------|------|------------|----------|---------------|----------------------------|-----------|-----------|------------|
|member_id |member_authority_id |member_authority_id |created_at                 |created_id |authority_pattern_id |member_id |authority_pattern_id |created_at            |created_id |depth |description |manage_yn |authority_name |parent_authority_pattern_id |role       |sort_order |url_pattern |
|----------|--------------------|--------------------|---------------------------|-----------|---------------------|----------|---------------------|----------------------|-----------|------|------------|----------|---------------|----------------------------|-----------|-----------|------------|
|1         |4                   |4                   |2024-12-03 14:28:44.058832 |1:admin    |1                    |1         |1                    |2024-11-18 18:25:00.0 |SYSTEM     |1     |모든 권한     |Y         |모든 권한        |[NULL]                      |ROLE_ADMIN |0          |/**         |
|----------|--------------------|--------------------|---------------------------|-----------|---------------------|----------|---------------------|----------------------|-----------|------|------------|----------|---------------|----------------------------|-----------|-----------|------------|

2025-02-26 10:24:03.642  INFO 43240 [nio-8081-exec-6] jdbc.sqltiming                           : [65D735796FA5              admin] 5. executed in 7 ms | executeQuery()
[35m[log4jdbc][0m 
    [34mselect[0m
        member0_.member_id [34mas[0m member_i1_7_1_,
        member0_.created_at [34mas[0m created_2_7_1_,
        member0_.created_id [34mas[0m created_3_7_1_,
        member0_.del_yn [34mas[0m del_yn4_7_1_,
        member0_.updated_at [34mas[0m updated_5_7_1_,
        member0_.updated_id [34mas[0m updated_6_7_1_,
        member0_.version [34mas[0m version7_7_1_,
        member0_.allow_ip_addresses_json [34mas[0m allow_ip8_7_1_,
        member0_.email [34mas[0m email9_7_1_,
        member0_.last_login_at [34mas[0m last_lo10_7_1_,
        member0_.login_id [34mas[0m login_i11_7_1_,
        member0_.mobile_number [34mas[0m mobile_12_7_1_,
        member0_.password [34mas[0m passwor13_7_1_,
        member0_.real_name [34mas[0m real_na14_7_1_,
        member0_.role [34mas[0m role15_7_1_,
        member0_.status_code [34mas[0m status_16_7_1_,
        member0_.telephone_number [34mas[0m telepho17_7_1_,
        member0_.withdrawal_at [34mas[0m withdra18_7_1_,
        member0_.withdrawal_reason [34mas[0m withdra19_7_1_,
        authoritie1_.member_id [34mas[0m member_i5_9_3_,
        authoritie1_.member_authority_id [34mas[0m member_a1_9_3_,
        authoritie1_.member_authority_id [34mas[0m member_a1_9_0_,
        authoritie1_.created_at [34mas[0m created_2_9_0_,
        authoritie1_.created_id [34mas[0m created_3_9_0_,
        authoritie1_.authority_pattern_id [34mas[0m authorit4_9_0_,
        authoritie1_.member_id [34mas[0m member_i5_9_0_ 
    [34mfrom[0m
        [34mmember[0m member0_ 
    [34mleft[0m [34mouter[0m [34mjoin[0m
        member_authority authoritie1_ 
            [34mon[0m member0_.member_id=authoritie1_.member_id 
    [34mwhere[0m
        member0_.member_id=1

2025-02-26 10:24:03.643  INFO 43240 [nio-8081-exec-6] jdbc.resultsettable                      : [65D735796FA5              admin] 
|----------|----------------------|--------------|-------|---------------------------|-----------|--------|------------------------|--------------------|---------------------------|---------|--------------|-------------------------------------------------------------|----------|-----------|------------|-----------------|--------------|------------------|----------|--------------------|--------------------|---------------------------|-----------|---------------------|----------|
|member_id |created_at            |created_id    |del_yn |updated_at                 |updated_id |version |allow_ip_addresses_json |email               |last_login_at              |login_id |mobile_number |password                                                     |real_name |role       |status_code |telephone_number |withdrawal_at |withdrawal_reason |member_id |member_authority_id |member_authority_id |created_at                 |created_id |authority_pattern_id |member_id |
|----------|----------------------|--------------|-------|---------------------------|-----------|--------|------------------------|--------------------|---------------------------|---------|--------------|-------------------------------------------------------------|----------|-----------|------------|-----------------|--------------|------------------|----------|--------------------|--------------------|---------------------------|-----------|---------------------|----------|
|[unread]  |2024-11-18 18:00:00.0 |anonymousUser |N      |2025-02-26 10:03:21.296153 |1:admin    |489     |[unread]                |admin@webbizz.co.kr |2025-02-26 10:03:21.264315 |admin    |NULL          |$2a$10$rT2ltflSB9lUQrkf6YDj.uY1RZXx/jIJaR3zgY7S5o4DultRxPBG. |관리자     |ROLE_ADMIN |NORMAL      |01012345678      |NULL          |[unread]          |1         |4                   |4                   |2024-12-03 14:28:44.058832 |1:admin    |1                    |1         |
|----------|----------------------|--------------|-------|---------------------------|-----------|--------|------------------------|--------------------|---------------------------|---------|--------------|-------------------------------------------------------------|----------|-----------|------------|-----------------|--------------|------------------|----------|--------------------|--------------------|---------------------------|-----------|---------------------|----------|

2025-02-26 10:24:03.652  INFO 43240 [nio-8081-exec-6] jdbc.sqltiming                           : [65D735796FA5              admin] 5. executed in 7 ms | executeQuery()
[35m[log4jdbc][0m 
    [34mselect[0m
        authorityp0_.authority_pattern_id [34mas[0m authorit1_1_0_,
        authorityp0_.created_at [34mas[0m created_2_1_0_,
        authorityp0_.created_id [34mas[0m created_3_1_0_,
        authorityp0_.depth [34mas[0m depth4_1_0_,
        authorityp0_.description [34mas[0m descript5_1_0_,
        authorityp0_.manage_yn [34mas[0m manage_y6_1_0_,
        authorityp0_.authority_name [34mas[0m authorit7_1_0_,
        authorityp0_.parent_authority_pattern_id [34mas[0m parent_a8_1_0_,
        authorityp0_.role [34mas[0m role9_1_0_,
        authorityp0_.sort_order [34mas[0m sort_or10_1_0_,
        authorityp0_.url_pattern [34mas[0m url_pat11_1_0_ 
    [34mfrom[0m
        authority_pattern authorityp0_ 
    [34mwhere[0m
        authorityp0_.authority_pattern_id=1

2025-02-26 10:24:03.652  INFO 43240 [nio-8081-exec-6] jdbc.resultsettable                      : [65D735796FA5              admin] 
|---------------------|----------------------|-----------|------|------------|----------|---------------|----------------------------|-----------|-----------|------------|
|authority_pattern_id |created_at            |created_id |depth |description |manage_yn |authority_name |parent_authority_pattern_id |role       |sort_order |url_pattern |
|---------------------|----------------------|-----------|------|------------|----------|---------------|----------------------------|-----------|-----------|------------|
|[unread]             |2024-11-18 18:25:00.0 |SYSTEM     |1     |모든 권한     |Y         |모든 권한        |[NULL]                      |ROLE_ADMIN |0          |/**         |
|---------------------|----------------------|-----------|------|------------|----------|---------------|----------------------------|-----------|-----------|------------|

2025-02-26 10:24:03.686  INFO 43240 [nio-8081-exec-6] jdbc.sqltiming                           : [65D735796FA5              admin] 5. executed in 4 ms | executeUpdate()
[35m[log4jdbc][0m 
    [34mupdate[0m
        [34mmember[0m 
    [34mset[0m
        del_yn=[36m'N'[0m,
        updated_at=[36m'2025-02-26 10:24:03.671'[0m,
        updated_id=[36m'1:admin'[0m,
        version=490,
        allow_ip_addresses_json=[36m'<Reader [34mof[0m length 2>'[0m,
        email=[36m'admin@webbizz.co.kr'[0m,
        last_login_at=[36m'2025-02-26 10:24:03.617'[0m,
        login_id=[36m'admin'[0m,
        mobile_number=[34mNULL[0m,
        password=[36m'$2a$10$rT2ltflSB9lUQrkf6YDj.uY1RZXx/jIJaR3zgY7S5o4DultRxPBG.'[0m,
        real_name=[36m'관리자'[0m,
        role=[36m'ROLE_ADMIN'[0m,
        status_code=[36m'NORMAL'[0m,
        telephone_number=[36m'01012345678'[0m,
        withdrawal_at=[34mNULL[0m,
        withdrawal_reason=[34mNULL[0m 
    [34mwhere[0m
        member_id=1 
        [34mand[0m version=489

2025-02-26 10:24:03.718  INFO 43240 [nio-8081-exec-6] jdbc.sqltiming                           : [65D735796FA5              admin] 6. executed in 5 ms | executeUpdate()
[35m[log4jdbc][0m 
    [34minsert[0m 
    [34minto[0m
        member_auditor
        (created_at, created_id, member_id, remote_addr, target_member_id, event_name) 
    [34mvalues[0m
        ([36m'2025-02-26 10:24:03.710'[0m, [36m'1:admin'[0m, 1, [36m'0:0:0:0:0:0:0:1'[0m, [34mNULL[0m, [36m'LOGIN'[0m)

2025-02-26 10:24:03.719  INFO 43240 [nio-8081-exec-6] jdbc.resultsettable                      : [65D735796FA5              admin] 
|----------|
|insert_id |
|----------|
|262       |
|----------|

2025-02-26 10:24:03.777  INFO 43240 [io-8081-exec-10] jdbc.sqltiming                           : [65D735796FA5              admin] 7. executed in 5 ms | executeQuery()
[35m[log4jdbc][0m 
    [34mselect[0m
        coalesce(count(*),
        0) [34mas[0m col_0_0_ 
    [34mfrom[0m
        [34mmember[0m member0_ 
    [34mwhere[0m
        member0_.role=[36m'ROLE_USER'[0m 
        [34mand[0m member0_.del_yn=[36m'N'[0m limit 1

2025-02-26 10:24:03.777  INFO 43240 [io-8081-exec-10] jdbc.resultsettable                      : [65D735796FA5              admin] 
|---------|
|col_0_0_ |
|---------|
|1        |
|---------|

2025-02-26 10:24:03.804  INFO 43240 [io-8081-exec-10] jdbc.sqltiming                           : [65D735796FA5              admin] 8. executed in 4 ms | executeQuery()
[35m[log4jdbc][0m 
    [34mselect[0m
        coalesce(count(*),
        0) [34mas[0m col_0_0_ 
    [34mfrom[0m
        survey survey0_ 
    [34mwhere[0m
        survey0_.view_yn=[36m'Y'[0m 
        [34mand[0m survey0_.del_yn=[36m'N'[0m 
        [34mand[0m survey0_.start_date<=[36m'2025-02-26 00:00:00.000'[0m 
        [34mand[0m survey0_.end_date>=[36m'2025-02-26 00:00:00.000'[0m limit 1

2025-02-26 10:24:03.804  INFO 43240 [io-8081-exec-10] jdbc.resultsettable                      : [65D735796FA5              admin] 
|---------|
|col_0_0_ |
|---------|
|1        |
|---------|

2025-02-26 10:24:03.831  INFO 43240 [io-8081-exec-10] jdbc.sqltiming                           : [65D735796FA5              admin] 9. executed in 4 ms | executeQuery()
[35m[log4jdbc][0m 
    [34mselect[0m
        coalesce(count(*),
        0) [34mas[0m col_0_0_ 
    [34mfrom[0m
        exhibition exhibition0_ 
    [34mwhere[0m
        exhibition0_.view_yn=[36m'Y'[0m 
        [34mand[0m exhibition0_.del_yn=[36m'N'[0m 
        [34mand[0m exhibition0_.view_start_at<=[36m'2025-02-26 10:24:03.824'[0m 
        [34mand[0m (
            exhibition0_.view_end_at [34mis[0m [34mnull[0m 
            [34mor[0m exhibition0_.view_end_at>=[36m'2025-02-26 10:24:03.824'[0m
        ) limit 1

2025-02-26 10:24:03.832  INFO 43240 [io-8081-exec-10] jdbc.resultsettable                      : [65D735796FA5              admin] 
|---------|
|col_0_0_ |
|---------|
|6        |
|---------|

2025-02-26 10:24:03.851  INFO 43240 [io-8081-exec-10] jdbc.sqltiming                           : [65D735796FA5              admin] 10. executed in 5 ms | executeQuery()
[35m[log4jdbc][0m 
    [34mselect[0m
        coalesce(count(*),
        0) [34mas[0m col_0_0_ 
    [34mfrom[0m
        exhibition exhibition0_ 
    [34mwhere[0m
        exhibition0_.exhibition_type=[36m'POPUP'[0m 
        [34mand[0m exhibition0_.view_yn=[36m'Y'[0m 
        [34mand[0m exhibition0_.del_yn=[36m'N'[0m 
        [34mand[0m exhibition0_.view_start_at<=[36m'2025-02-26 10:24:03.845'[0m 
        [34mand[0m (
            exhibition0_.view_end_at [34mis[0m [34mnull[0m 
            [34mor[0m exhibition0_.view_end_at>=[36m'2025-02-26 10:24:03.845'[0m
        ) limit 1

2025-02-26 10:24:03.851  INFO 43240 [io-8081-exec-10] jdbc.resultsettable                      : [65D735796FA5              admin] 
|---------|
|col_0_0_ |
|---------|
|1        |
|---------|

2025-02-26 10:24:03.876  INFO 43240 [io-8081-exec-10] jdbc.sqltiming                           : [65D735796FA5              admin] 11. executed in 5 ms | executeQuery()
[35m[log4jdbc][0m 
    [34mselect[0m
        boardartic0_.board_article_id [34mas[0m col_0_0_,
        boardartic0_.board_id [34mas[0m col_1_0_,
        boardartic0_.member_id [34mas[0m col_2_0_,
        boardartic0_.writer_name [34mas[0m col_3_0_,
        boardartic0_.title [34mas[0m col_4_0_,
        boardartic0_.content [34mas[0m col_5_0_,
        boardartic0_.attachments_json [34mas[0m col_6_0_,
        boardartic0_.images_json [34mas[0m col_7_0_,
        boardartic0_.pdf_json [34mas[0m col_8_0_,
        boardartic0_.read_count [34mas[0m col_9_0_,
        boardartic0_.secret_yn [34mas[0m col_10_0_,
        boardartic0_.notice_yn [34mas[0m col_11_0_,
        boardartic0_.view_yn [34mas[0m col_12_0_,
        boardartic0_.created_at [34mas[0m col_13_0_,
        boardartic0_.updated_at [34mas[0m col_14_0_ 
    [34mfrom[0m
        board_article boardartic0_ 
    [34minner[0m [34mjoin[0m
        board board1_ 
            [34mon[0m boardartic0_.board_id=board1_.board_id 
    [34mwhere[0m
        boardartic0_.notice_yn=[36m'Y'[0m 
        [34mand[0m boardartic0_.del_yn=[36m'N'[0m 
        [34mand[0m board1_.del_yn=[36m'N'[0m limit 1

2025-02-26 10:24:03.905  INFO 43240 [io-8081-exec-10] jdbc.resultsettable                      : [65D735796FA5              admin] 
|-----------------|---------|----------|------------|------------|---------|-----------------------------------------------------------------------------------------------------------------------------------------------------------------------------------------------------------------------------------------------------------------------------------------------------------------------------------------------------------------------------------------------------------------------------------------|------------|---------|-----------|----------|----------|--------|---------------------------|------------------------|
|board_article_id |board_id |member_id |writer_name |title       |content  |attachments_json                                                                                                                                                                                                                                                                                                                                                                                                                         |images_json |pdf_json |read_count |secret_yn |notice_yn |view_yn |created_at                 |updated_at              |
|-----------------|---------|----------|------------|------------|---------|-----------------------------------------------------------------------------------------------------------------------------------------------------------------------------------------------------------------------------------------------------------------------------------------------------------------------------------------------------------------------------------------------------------------------------------------|------------|---------|-----------|----------|----------|--------|---------------------------|------------------------|
|1                |1        |1         |작성자       |게시물 테스트 |[unread] |[{"id":173,"uuid":"dfaf6786-f3d6-43e7-84db-5a59ad6de00b","uploadName":"dfaf6786-f3d6-43e7-84db-5a59ad6de00b.pdf","originalName":"W2433170_안전점검확인서_20240326_171717.pdf","extension":"pdf","path":"/2024/11/25/dfaf6786-f3d6-43e7-84db-5a59ad6de00b.pdf","realUrl":"http://localhost:25130/uploads/2024/11/25/dfaf6786-f3d6-43e7-84db-5a59ad6de00b.pdf","size":69136,"createdAt":"2024-11-25T14:16:02.822791"}] |[]          |NULL     |34         |N         |Y         |Y       |2024-11-21 18:08:29.871232 |2024-12-06 17:02:25.446 |
|-----------------|---------|----------|------------|------------|---------|-----------------------------------------------------------------------------------------------------------------------------------------------------------------------------------------------------------------------------------------------------------------------------------------------------------------------------------------------------------------------------------------------------------------------------------------|------------|---------|-----------|----------|----------|--------|---------------------------|------------------------|

2025-02-26 10:24:03.927  INFO 43240 [io-8081-exec-10] jdbc.sqltiming                           : [65D735796FA5              admin] 12. executed in 5 ms | executeQuery()
[35m[log4jdbc][0m 
    [34mselect[0m
        boardartic0_.board_article_id [34mas[0m col_0_0_,
        boardartic0_.board_id [34mas[0m col_1_0_,
        boardartic0_.member_id [34mas[0m col_2_0_,
        boardartic0_.writer_name [34mas[0m col_3_0_,
        boardartic0_.title [34mas[0m col_4_0_,
        boardartic0_.content [34mas[0m col_5_0_,
        boardartic0_.attachments_json [34mas[0m col_6_0_,
        boardartic0_.images_json [34mas[0m col_7_0_,
        boardartic0_.pdf_json [34mas[0m col_8_0_,
        boardartic0_.read_count [34mas[0m col_9_0_,
        boardartic0_.secret_yn [34mas[0m col_10_0_,
        boardartic0_.notice_yn [34mas[0m col_11_0_,
        boardartic0_.view_yn [34mas[0m col_12_0_,
        boardartic0_.created_at [34mas[0m col_13_0_,
        boardartic0_.updated_at [34mas[0m col_14_0_ 
    [34mfrom[0m
        board_article boardartic0_ 
    [34minner[0m [34mjoin[0m
        board board1_ 
            [34mon[0m boardartic0_.board_id=board1_.board_id 
    [34mwhere[0m
        boardartic0_.member_id=1 
        [34mand[0m boardartic0_.del_yn=[36m'N'[0m 
        [34mand[0m board1_.del_yn=[36m'N'[0m 
    [34morder[0m [34mby[0m
        boardartic0_.board_article_id desc limit 5

2025-02-26 10:24:03.928  INFO 43240 [io-8081-exec-10] jdbc.resultsettable                      : [65D735796FA5              admin] 
|-----------------|---------|----------|------------|------------|---------|-----------------|---------------------------------------------------------------------------------------------------------------------------------------------------------------------------------------------------------------------------------------------------------------------------------------------------------------------------------------------------------------------------------|---------|-----------|----------|----------|--------|---------------------------|---------------------------|
|board_article_id |board_id |member_id |writer_name |title       |content  |attachments_json |images_json                                                                                                                                                                                                                                                                                                                                                                      |pdf_json |read_count |secret_yn |notice_yn |view_yn |created_at                 |updated_at                 |
|-----------------|---------|----------|------------|------------|---------|-----------------|---------------------------------------------------------------------------------------------------------------------------------------------------------------------------------------------------------------------------------------------------------------------------------------------------------------------------------------------------------------------------------|---------|-----------|----------|----------|--------|---------------------------|---------------------------|
|12               |1        |1         |관리자       |asdasd      |[unread] |[]               |[]                                                                                                                                                                                                                                                                                                                                                                               |NULL     |5          |N         |N         |Y       |2024-12-04 09:55:06.580904 |NULL                       |
|11               |1        |1         |관리자       |asd         |[unread] |[]               |[]                                                                                                                                                                                                                                                                                                                                                                               |NULL     |0          |N         |N         |Y       |2024-12-04 09:28:53.42659  |NULL                       |
|10               |1        |1         |관리자       |asd         |[unread] |[]               |[]                                                                                                                                                                                                                                                                                                                                                                               |NULL     |2          |N         |N         |Y       |2024-12-04 09:28:25.484455 |NULL                       |
|8                |1        |1         |관리자       |ㅅㄷㄴㅅ      |[unread] |[]               |[]                                                                                                                                                                                                                                                                                                                                                                               |NULL     |2          |N         |N         |Y       |2024-12-04 09:21:55.736207 |NULL                       |
|6                |2        |1         |작성자       |갤러리 테스트 |[unread] |[]               |[{"id":177,"uuid":"feb66c42-13bd-40a6-a27a-b41e9b19c9a7","uploadName":"feb66c42-13bd-40a6-a27a-b41e9b19c9a7.jpg","originalName":"TEST.JPG","extension":"jpg","path":"/2024/11/27/feb66c42-13bd-40a6-a27a-b41e9b19c9a7.jpg","realUrl":"http://localhost:25130/uploads/2024/11/27/feb66c42-13bd-40a6-a27a-b41e9b19c9a7.jpg","size":3298,"createdAt":"2024-11-27T14:32:26.264844"}] |NULL     |16         |N         |N         |Y       |2024-11-27 14:32:29.422926 |2024-11-27 14:32:29.443867 |
|-----------------|---------|----------|------------|------------|---------|-----------------|---------------------------------------------------------------------------------------------------------------------------------------------------------------------------------------------------------------------------------------------------------------------------------------------------------------------------------------------------------------------------------|---------|-----------|----------|----------|--------|---------------------------|---------------------------|

2025-02-26 10:24:03.954  INFO 43240 [io-8081-exec-10] jdbc.sqltiming                           : [65D735796FA5              admin] 13. executed in 7 ms | executeQuery()
[35m[log4jdbc][0m 
    [34mselect[0m
        boardartic0_.board_article_id [34mas[0m col_0_0_,
        boardartic0_.board_id [34mas[0m col_1_0_,
        boardartic0_.member_id [34mas[0m col_2_0_,
        boardartic0_.writer_name [34mas[0m col_3_0_,
        boardartic0_.title [34mas[0m col_4_0_,
        boardartic0_.content [34mas[0m col_5_0_,
        boardartic0_.attachments_json [34mas[0m col_6_0_,
        boardartic0_.images_json [34mas[0m col_7_0_,
        boardartic0_.pdf_json [34mas[0m col_8_0_,
        boardartic0_.read_count [34mas[0m col_9_0_,
        boardartic0_.secret_yn [34mas[0m col_10_0_,
        boardartic0_.notice_yn [34mas[0m col_11_0_,
        boardartic0_.view_yn [34mas[0m col_12_0_,
        boardartic0_.created_at [34mas[0m col_13_0_,
        boardartic0_.updated_at [34mas[0m col_14_0_ 
    [34mfrom[0m
        board_article boardartic0_ 
    [34minner[0m [34mjoin[0m
        board board1_ 
            [34mon[0m boardartic0_.board_id=board1_.board_id 
    [34mwhere[0m
        boardartic0_.del_yn=[36m'N'[0m 
        [34mand[0m board1_.del_yn=[36m'N'[0m 
    [34morder[0m [34mby[0m
        [34mcase[0m 
            [34mwhen[0m boardartic0_.updated_at [34mis[0m [34mnot[0m [34mnull[0m [34mthen[0m boardartic0_.updated_at 
            [34melse[0m boardartic0_.created_at 
        [34mend[0m desc limit 5

2025-02-26 10:24:03.956  INFO 43240 [io-8081-exec-10] jdbc.resultsettable                      : [65D735796FA5              admin] 
|-----------------|---------|----------|------------|------------|---------|-----------------------------------------------------------------------------------------------------------------------------------------------------------------------------------------------------------------------------------------------------------------------------------------------------------------------------------------------------------------------------------------------------------------------------------------|------------|---------|-----------|----------|----------|--------|---------------------------|------------------------|
|board_article_id |board_id |member_id |writer_name |title       |content  |attachments_json                                                                                                                                                                                                                                                                                                                                                                                                                         |images_json |pdf_json |read_count |secret_yn |notice_yn |view_yn |created_at                 |updated_at              |
|-----------------|---------|----------|------------|------------|---------|-----------------------------------------------------------------------------------------------------------------------------------------------------------------------------------------------------------------------------------------------------------------------------------------------------------------------------------------------------------------------------------------------------------------------------------------|------------|---------|-----------|----------|----------|--------|---------------------------|------------------------|
|1                |1        |1         |작성자       |게시물 테스트 |[unread] |[{"id":173,"uuid":"dfaf6786-f3d6-43e7-84db-5a59ad6de00b","uploadName":"dfaf6786-f3d6-43e7-84db-5a59ad6de00b.pdf","originalName":"W2433170_안전점검확인서_20240326_171717.pdf","extension":"pdf","path":"/2024/11/25/dfaf6786-f3d6-43e7-84db-5a59ad6de00b.pdf","realUrl":"http://localhost:25130/uploads/2024/11/25/dfaf6786-f3d6-43e7-84db-5a59ad6de00b.pdf","size":69136,"createdAt":"2024-11-25T14:16:02.822791"}] |[]          |NULL     |34         |N         |Y         |Y       |2024-11-21 18:08:29.871232 |2024-12-06 17:02:25.446 |
|12               |1        |1         |관리자       |asdasd      |[unread] |[]                                                                                                                                                                                                                                                                                                                                                                                                                                       |[]          |NULL     |5          |N         |N         |Y       |2024-12-04 09:55:06.580904 |NULL                    |
|11               |1        |1         |관리자       |asd         |[unread] |[]                                                                                                                                                                                                                                                                                                                                                                                                                                       |[]          |NULL     |0          |N         |N         |Y       |2024-12-04 09:28:53.42659  |NULL                    |
|10               |1        |1         |관리자       |asd         |[unread] |[]                                                                                                                                                                                                                                                                                                                                                                                                                                       |[]          |NULL     |2          |N         |N         |Y       |2024-12-04 09:28:25.484455 |NULL                    |
|8                |1        |1         |관리자       |ㅅㄷㄴㅅ      |[unread] |[]                                                                                                                                                                                                                                                                                                                                                                                                                                       |[]          |NULL     |2          |N         |N         |Y       |2024-12-04 09:21:55.736207 |NULL                    |
|-----------------|---------|----------|------------|------------|---------|-----------------------------------------------------------------------------------------------------------------------------------------------------------------------------------------------------------------------------------------------------------------------------------------------------------------------------------------------------------------------------------------------------------------------------------------|------------|---------|-----------|----------|----------|--------|---------------------------|------------------------|

2025-02-26 10:24:03.985  INFO 43240 [io-8081-exec-10] jdbc.sqltiming                           : [65D735796FA5              admin] 14. executed in 4 ms | executeQuery()
[35m[log4jdbc][0m 
    [34mselect[0m
        visitorlog0_.group_date [34mas[0m col_0_0_,
        [34mcast[0m(count([34mdistinct[0m visitorlog0_.remote_addr) [34mas[0m [34mdecimal[0m(19,
        2)) [34mas[0m col_1_0_ 
    [34mfrom[0m
        visitor_log visitorlog0_ 
    [34mwhere[0m
        visitorlog0_.group_date>=[36m'2025-02-01 00:00:00.000'[0m 
        [34mand[0m visitorlog0_.group_date<=[36m'2025-02-26 00:00:00.000'[0m 
    [34mgroup[0m [34mby[0m
        visitorlog0_.group_date

2025-02-26 10:24:03.987  INFO 43240 [io-8081-exec-10] jdbc.resultsettable                      : [65D735796FA5              admin] 
|-----------|---------|
|group_date |col_1_0_ |
|-----------|---------|
|2025-02-03 |1.00     |
|2025-02-06 |1.00     |
|2025-02-11 |1.00     |
|2025-02-12 |1.00     |
|2025-02-18 |1.00     |
|2025-02-19 |1.00     |
|2025-02-24 |1.00     |
|2025-02-26 |1.00     |
|-----------|---------|

2025-02-26 10:24:04.011  INFO 43240 [io-8081-exec-10] jdbc.sqltiming                           : [65D735796FA5              admin] 15. executed in 6 ms | executeQuery()
[35m[log4jdbc][0m 
    [34mselect[0m
        count([34mdistinct[0m concat(visitorlog0_.remote_addr,
        [34mcast[0m(visitorlog0_.group_date [34mas[0m [34mchar[0m))) [34mas[0m col_0_0_ 
    [34mfrom[0m
        visitor_log visitorlog0_ limit 1

2025-02-26 10:24:04.012  INFO 43240 [io-8081-exec-10] jdbc.resultsettable                      : [65D735796FA5              admin] 
|---------|
|col_0_0_ |
|---------|
|36       |
|---------|

2025-02-26 10:24:04.021  INFO 43240 [io-8081-exec-10] jdbc.sqltiming                           : [65D735796FA5              admin] 16. executed in 4 ms | executeQuery()
[35m[log4jdbc][0m 
    [34mselect[0m
        [34mcast[0m([34mdate[0m(boardartic0_.created_at) [34mas[0m [34mchar[0m) [34mas[0m col_0_0_,
        [34mcast[0m(count(*) [34mas[0m [34mdecimal[0m(19,
        2)) [34mas[0m col_1_0_ 
    [34mfrom[0m
        board_article boardartic0_ 
    [34mwhere[0m
        boardartic0_.del_yn=[36m'N'[0m 
        [34mand[0m boardartic0_.created_at>=[36m'2025-02-20 00:00:00.000'[0m 
        [34mand[0m boardartic0_.created_at<=[36m'2025-02-26 23:59:59.999'[0m 
    [34mgroup[0m [34mby[0m
        [34mcast[0m([34mdate[0m(boardartic0_.created_at) [34mas[0m [34mchar[0m) 
    [34morder[0m [34mby[0m
        [34mcast[0m([34mdate[0m(boardartic0_.created_at) [34mas[0m [34mchar[0m) desc

2025-02-26 10:24:04.022  INFO 43240 [io-8081-exec-10] jdbc.resultsettable                      : [65D735796FA5              admin] 
|---------|---------|
|col_0_0_ |col_1_0_ |
|---------|---------|
|---------|---------|

2025-02-26 10:24:04.044  INFO 43240 [io-8081-exec-10] jdbc.sqltiming                           : [65D735796FA5              admin] 17. executed in 6 ms | executeQuery()
[35m[log4jdbc][0m 
    [34mselect[0m
        concat(concat([34mcast[0m([34myear[0m(boardartic0_.created_at) [34mas[0m [34mchar[0m),
        [36m'-'[0m),
        [34mcast[0m([34mmonth[0m(boardartic0_.created_at) [34mas[0m [34mchar[0m)) [34mas[0m col_0_0_,
        [34mcast[0m(count(*) [34mas[0m [34mdecimal[0m(19,
        2)) [34mas[0m col_1_0_ 
    [34mfrom[0m
        board_article boardartic0_ 
    [34mwhere[0m
        boardartic0_.del_yn=[36m'N'[0m 
        [34mand[0m boardartic0_.created_at>=[36m'2024-03-01 00:00:00.000'[0m 
        [34mand[0m boardartic0_.created_at<=[36m'2025-02-26 23:59:59.999'[0m 
    [34mgroup[0m [34mby[0m
        concat(concat([34mcast[0m([34myear[0m(boardartic0_.created_at) [34mas[0m [34mchar[0m),
        [36m'-'[0m),
        [34mcast[0m([34mmonth[0m(boardartic0_.created_at) [34mas[0m [34mchar[0m)) 
    [34morder[0m [34mby[0m
        concat(concat([34mcast[0m([34myear[0m(boardartic0_.created_at) [34mas[0m [34mchar[0m),
        [36m'-'[0m),
        [34mcast[0m([34mmonth[0m(boardartic0_.created_at) [34mas[0m [34mchar[0m)) desc

2025-02-26 10:24:04.046  INFO 43240 [io-8081-exec-10] jdbc.resultsettable                      : [65D735796FA5              admin] 
|---------|---------|
|col_0_0_ |col_1_0_ |
|---------|---------|
|2024-12  |4.00     |
|2024-11  |5.00     |
|---------|---------|

2025-02-26 10:24:04.066  INFO 43240 [io-8081-exec-10] jdbc.sqltiming                           : [65D735796FA5              admin] 18. executed in 4 ms | executeUpdate()
[35m[log4jdbc][0m 
    [34mINSERT[0m 
    [34mINTO[0m
        visitor_log
        (application_name, member_id, remote_addr, request_uri, group_date, created_at) 
    [34mVALUES[0m
        ([36m'webbizz-crm-web-admin'[0m, 1, [36m'0:0:0:0:0:0:0:1'[0m, [36m'/'[0m, [36m'2025-02-26 00:00:00.000'[0m, [36m'2025-02-26 10:24:04.061'[0m) 
            [34mON[0m DUPLICATE [34mKEY[0m [34mUPDATE[0m
                hits = hits + 1,
            updated_at = [36m'2025-02-26 10:24:04.061'[0m

2025-02-26 10:34:50.630  INFO 43240 [ionShutdownHook] j.LocalContainerEntityManagerFactoryBean : [                  anonymousUser] Closing JPA EntityManagerFactory for persistence unit 'primaryEntityManager'
2025-02-26 10:34:50.632  INFO 43240 [ionShutdownHook] com.zaxxer.hikari.HikariDataSource       : [                  anonymousUser] HikariPool-1 - Shutdown initiated...
2025-02-26 10:34:50.646  INFO 43240 [ionShutdownHook] com.zaxxer.hikari.HikariDataSource       : [                  anonymousUser] HikariPool-1 - Shutdown completed.
