2025-02-26 13:46:25.606  INFO 25480 [           main] w.crm.WebbizzCrmWebUserApplication       : [                  anonymousUser] Starting WebbizzCrmWebUserApplication using Java 11.0.0.1 on DESKTOP-V8TTFAH with PID 25480 (C:\Users\webbizz79\Documents\dmcnf\webbizz-crm-web-user\build\classes\java\main started by webbizz79 in C:\Users\webbizz79\Documents\dmcnf)
2025-02-26 13:46:25.618  INFO 25480 [           main] w.crm.WebbizzCrmWebUserApplication       : [                  anonymousUser] The following 1 profile is active: "local"
2025-02-26 13:46:27.775  INFO 25480 [           main] .s.d.r.c.RepositoryConfigurationDelegate : [                  anonymousUser] Bootstrapping Spring Data JPA repositories in DEFAULT mode.
2025-02-26 13:46:28.260  INFO 25480 [           main] .s.d.r.c.RepositoryConfigurationDelegate : [                  anonymousUser] Finished Spring Data repository scanning in 459 ms. Found 17 JPA repository interfaces.
2025-02-26 13:46:31.449  INFO 25480 [           main] o.s.b.w.embedded.tomcat.TomcatWebServer  : [                  anonymousUser] Tomcat initialized with port(s): 8083 (http)
2025-02-26 13:46:31.489  INFO 25480 [           main] o.a.coyote.http11.Http11NioProtocol      : [                  anonymousUser] Initializing ProtocolHandler ["http-nio-8083"]
2025-02-26 13:46:31.490  INFO 25480 [           main] o.apache.catalina.core.StandardService   : [                  anonymousUser] Starting service [Tomcat]
2025-02-26 13:46:31.490  INFO 25480 [           main] org.apache.catalina.core.StandardEngine  : [                  anonymousUser] Starting Servlet engine: [Apache Tomcat/9.0.75]
2025-02-26 13:46:32.059  INFO 25480 [           main] o.a.c.c.C.[Tomcat].[localhost].[/]       : [                  anonymousUser] Initializing Spring embedded WebApplicationContext
2025-02-26 13:46:32.060  INFO 25480 [           main] w.s.c.ServletWebServerApplicationContext : [                  anonymousUser] Root WebApplicationContext: initialization completed in 5988 ms
2025-02-26 13:46:33.427  INFO 25480 [           main] com.zaxxer.hikari.HikariDataSource       : [                  anonymousUser] HikariPool-1 - Starting...
2025-02-26 13:46:33.920  INFO 25480 [           main] com.zaxxer.hikari.HikariDataSource       : [                  anonymousUser] HikariPool-1 - Start completed.
2025-02-26 13:46:36.499  INFO 25480 [           main] jdbc.sqltiming                           : [                  anonymousUser] 2. executed in 11 ms | executeQuery()
[35m[log4jdbc][0m 
    [34mselect[0m
        table_name 
    [34mfrom[0m
        information_schema.tables 
    [34mwhere[0m
        table_schema = database() 
        [34mand[0m table_type = [36m'[34mSEQUENCE[0m'[0m

2025-02-26 13:46:36.510  INFO 25480 [           main] jdbc.resultsettable                      : [                  anonymousUser] 
|-----------|
|table_name |
|-----------|
|-----------|

2025-02-26 13:46:36.593  INFO 25480 [           main] j.LocalContainerEntityManagerFactoryBean : [                  anonymousUser] Initialized JPA EntityManagerFactory for persistence unit 'primaryEntityManager'
2025-02-26 13:46:40.029  INFO 25480 [           main] o.s.s.web.DefaultSecurityFilterChain     : [                  anonymousUser] Will secure any request with [org.springframework.security.web.session.DisableEncodeUrlFilter@8d0253b, org.springframework.security.web.context.request.async.WebAsyncManagerIntegrationFilter@f61f06e, org.springframework.security.web.context.SecurityContextPersistenceFilter@1464a177, org.springframework.security.web.header.HeaderWriterFilter@3d3e9163, org.springframework.security.web.authentication.logout.LogoutFilter@672e4658, org.springframework.security.web.savedrequest.RequestCacheAwareFilter@6ee34fe4, org.springframework.security.web.servletapi.SecurityContextHolderAwareRequestFilter@5aa0e9c6, org.springframework.security.web.authentication.AnonymousAuthenticationFilter@437ac2dc, org.springframework.security.web.session.SessionManagementFilter@4fc9e73d, org.springframework.security.web.access.ExceptionTranslationFilter@6b8f1c62, org.springframework.security.web.access.intercept.FilterSecurityInterceptor@643947d1]
2025-02-26 13:46:40.448  INFO 25480 [           main] o.s.b.a.w.s.WelcomePageHandlerMapping    : [                  anonymousUser] Adding welcome page template: index
2025-02-26 13:46:41.474  INFO 25480 [           main] o.a.coyote.http11.Http11NioProtocol      : [                  anonymousUser] Starting ProtocolHandler ["http-nio-8083"]
2025-02-26 13:46:41.531  INFO 25480 [           main] o.s.b.w.embedded.tomcat.TomcatWebServer  : [                  anonymousUser] Tomcat started on port(s): 8083 (http) with context path ''
2025-02-26 13:46:41.555  INFO 25480 [           main] w.crm.WebbizzCrmWebUserApplication       : [                  anonymousUser] Started WebbizzCrmWebUserApplication in 17.108 seconds (JVM running for 18.536)
2025-02-26 13:46:42.529  INFO 25480 [nio-8083-exec-1] o.a.c.c.C.[Tomcat].[localhost].[/]       : [                  anonymousUser] Initializing Spring DispatcherServlet 'dispatcherServlet'
2025-02-26 13:46:42.531  INFO 25480 [nio-8083-exec-1] o.s.web.servlet.DispatcherServlet        : [                  anonymousUser] Initializing Servlet 'dispatcherServlet'
2025-02-26 13:46:42.535  INFO 25480 [nio-8083-exec-1] o.s.web.servlet.DispatcherServlet        : [                  anonymousUser] Completed initialization in 3 ms
2025-02-26 13:46:43.035  WARN 25480 [nio-8083-exec-1] o.a.c.util.SessionIdGeneratorBase        : [96262EE83BAC      anonymousUser] Creation of SecureRandom instance for session ID generation using [SHA1PRNG] took [155] milliseconds.
2025-02-26 13:46:42.876  INFO 25480 [nio-8083-exec-1] jdbc.sqltiming                           : [4EF90E5F48A8      anonymousUser] 3. executed in 8 ms | executeQuery()
[35m[log4jdbc][0m 
    [34mselect[0m
        exhibition0_.exhibition_id [34mas[0m col_0_0_,
        exhibition0_.exhibition_type [34mas[0m col_1_0_,
        exhibition0_.banner_type [34mas[0m col_2_0_,
        exhibition0_.title [34mas[0m col_3_0_,
        exhibition0_.link_url [34mas[0m col_4_0_,
        exhibition0_.link_target [34mas[0m col_5_0_,
        exhibition0_.pc_image_json [34mas[0m col_6_0_,
        exhibition0_.mobile_image_json [34mas[0m col_7_0_,
        exhibition0_.view_start_at [34mas[0m col_8_0_,
        exhibition0_.view_end_at [34mas[0m col_9_0_,
        exhibition0_.view_order [34mas[0m col_10_0_,
        exhibition0_.view_yn [34mas[0m col_11_0_,
        exhibition0_.created_at [34mas[0m col_12_0_ 
    [34mfrom[0m
        exhibition exhibition0_ 
    [34mwhere[0m
        exhibition0_.view_yn=[36m'Y'[0m 
        [34mand[0m exhibition0_.del_yn=[36m'N'[0m 
        [34mand[0m exhibition0_.view_start_at<=[36m'2025-02-26 13:46:42.808'[0m 
        [34mand[0m (
            exhibition0_.view_end_at [34mis[0m [34mnull[0m 
            [34mor[0m exhibition0_.view_end_at>=[36m'2025-02-26 13:46:42.808'[0m
        ) 
    [34morder[0m [34mby[0m
        exhibition0_.exhibition_type asc,
        exhibition0_.view_order asc

2025-02-26 13:46:43.193  INFO 25480 [nio-8083-exec-1] jdbc.resultsettable                      : [4EF90E5F48A8      anonymousUser] 
|--------------|----------------|------------|------------------|------------------------|------------|--------------|------------------|----------------------|------------|-----------|--------|---------------------------|
|exhibition_id |exhibition_type |banner_type |title             |link_url                |link_target |pc_image_json |mobile_image_json |view_start_at         |view_end_at |view_order |view_yn |created_at                 |
|--------------|----------------|------------|------------------|------------------------|------------|--------------|------------------|----------------------|------------|-----------|--------|---------------------------|
|15            |MAIN            |IMAGE       |추가 메인배너 테스트 |https://www.google.com/ |SELF        |[unread]      |[unread]          |2024-12-04 00:00:00.0 |NULL        |255        |Y       |2024-12-04 16:32:13.664981 |
|10            |POPUP           |IMAGE       |홍보 테스트         |NULL                    |NULL        |[unread]      |[unread]          |2024-12-01 00:00:00.0 |NULL        |255        |Y       |2024-12-03 11:30:08.745016 |
|11            |PROMOTION       |IMAGE       |2asd1             |NULL                    |NULL        |[unread]      |[unread]          |2024-12-01 00:00:00.0 |NULL        |255        |Y       |2024-12-03 11:33:01.559236 |
|12            |PROMOTION       |IMAGE       |홍보 배너 2         |NULL                    |NULL        |[unread]      |[unread]          |2024-12-01 00:00:00.0 |NULL        |255        |Y       |2024-12-03 11:34:44.159753 |
|14            |PROMOTION_2     |IMAGE       |홍보배너2           |https://www.google.com/ |SELF        |[unread]      |[unread]          |2024-12-03 00:00:00.0 |NULL        |255        |Y       |2024-12-03 15:24:57.551219 |
|4             |TOP             |TEXT        |asdasd            |NULL                    |NULL        |[unread]      |[unread]          |2024-11-22 00:00:00.0 |NULL        |255        |Y       |2024-11-21 15:56:20.731534 |
|--------------|----------------|------------|------------------|------------------------|------------|--------------|------------------|----------------------|------------|-----------|--------|---------------------------|

2025-02-26 13:46:43.265  INFO 25480 [nio-8083-exec-1] jdbc.sqltiming                           : [4EF90E5F48A8      anonymousUser] 4. executed in 8 ms | executeQuery()
[35m[log4jdbc][0m 
    [34mselect[0m
        boardartic0_.board_article_id [34mas[0m col_0_0_,
        board2_.board_name [34mas[0m col_1_0_,
        boardartic0_.title [34mas[0m col_2_0_,
        boardartic0_.content [34mas[0m col_3_0_,
        boardartic0_.images_json [34mas[0m col_4_0_,
        boardartic0_.secret_yn [34mas[0m col_5_0_,
        boardartic0_.notice_yn [34mas[0m col_6_0_,
        boardartic0_.view_yn [34mas[0m col_7_0_,
        boardartic0_.created_at [34mas[0m col_8_0_,
        boardartic0_.updated_at [34mas[0m col_9_0_,
        menu1_.menu_id [34mas[0m col_10_0_ 
    [34mfrom[0m
        board_article boardartic0_ 
    [34minner[0m [34mjoin[0m
        menu menu1_ 
            [34mon[0m (
                menu1_.board_id=boardartic0_.board_id
            ) [34mcross[0m 
    [34mjoin[0m
        board board2_ 
    [34mwhere[0m
        boardartic0_.board_id=board2_.board_id 
        [34mand[0m boardartic0_.view_yn=[36m'Y'[0m 
        [34mand[0m boardartic0_.del_yn=[36m'N'[0m 
        [34mand[0m menu1_.view_yn=[36m'Y'[0m 
        [34mand[0m menu1_.del_yn=[36m'N'[0m 
        [34mand[0m board2_.board_type=[36m'TEXT'[0m 
    [34mgroup[0m [34mby[0m
        boardartic0_.board_article_id 
    [34morder[0m [34mby[0m
        boardartic0_.board_article_id desc limit 8

2025-02-26 13:46:43.284  INFO 25480 [nio-8083-exec-1] jdbc.resultsettable                      : [4EF90E5F48A8      anonymousUser] 
|-----------------|-----------|------------|---------|------------|----------|----------|--------|---------------------------|---------------------------|--------|
|board_article_id |board_name |title       |content  |images_json |secret_yn |notice_yn |view_yn |created_at                 |updated_at                 |menu_id |
|-----------------|-----------|------------|---------|------------|----------|----------|--------|---------------------------|---------------------------|--------|
|12               |자유 게시판  |asdasd      |[unread] |[]          |N         |N         |Y       |2024-12-04 09:55:06.580904 |NULL                       |39      |
|11               |자유 게시판  |asd         |[unread] |[]          |N         |N         |Y       |2024-12-04 09:28:53.42659  |NULL                       |39      |
|10               |자유 게시판  |asd         |[unread] |[]          |N         |N         |Y       |2024-12-04 09:28:25.484455 |NULL                       |39      |
|8                |자유 게시판  |ㅅㄷㄴㅅ      |[unread] |[]          |N         |N         |Y       |2024-12-04 09:21:55.736207 |NULL                       |39      |
|5                |자유 게시판  |테스트       |[unread] |[]          |N         |N         |Y       |2024-11-27 11:51:31.721538 |2024-12-03 17:21:25.550929 |39      |
|1                |자유 게시판  |게시물 테스트 |[unread] |[]          |N         |Y         |Y       |2024-11-21 18:08:29.871232 |2024-12-06 17:02:25.446    |39      |
|-----------------|-----------|------------|---------|------------|----------|----------|--------|---------------------------|---------------------------|--------|

2025-02-26 13:46:43.306  INFO 25480 [nio-8083-exec-1] jdbc.sqltiming                           : [4EF90E5F48A8      anonymousUser] 5. executed in 8 ms | executeQuery()
[35m[log4jdbc][0m 
    [34mselect[0m
        boardartic0_.board_article_id [34mas[0m col_0_0_,
        board2_.board_name [34mas[0m col_1_0_,
        boardartic0_.title [34mas[0m col_2_0_,
        boardartic0_.content [34mas[0m col_3_0_,
        boardartic0_.images_json [34mas[0m col_4_0_,
        boardartic0_.secret_yn [34mas[0m col_5_0_,
        boardartic0_.notice_yn [34mas[0m col_6_0_,
        boardartic0_.view_yn [34mas[0m col_7_0_,
        boardartic0_.created_at [34mas[0m col_8_0_,
        boardartic0_.updated_at [34mas[0m col_9_0_,
        menu1_.menu_id [34mas[0m col_10_0_ 
    [34mfrom[0m
        board_article boardartic0_ 
    [34minner[0m [34mjoin[0m
        menu menu1_ 
            [34mon[0m (
                menu1_.board_id=boardartic0_.board_id
            ) [34mcross[0m 
    [34mjoin[0m
        board board2_ 
    [34mwhere[0m
        boardartic0_.board_id=board2_.board_id 
        [34mand[0m boardartic0_.view_yn=[36m'Y'[0m 
        [34mand[0m boardartic0_.del_yn=[36m'N'[0m 
        [34mand[0m menu1_.view_yn=[36m'Y'[0m 
        [34mand[0m menu1_.del_yn=[36m'N'[0m 
        [34mand[0m (
            board2_.board_type=[36m'GALLERY'[0m 
            [34mor[0m board2_.board_type=[36m'VIEWER'[0m
        ) 
    [34mgroup[0m [34mby[0m
        boardartic0_.board_article_id 
    [34morder[0m [34mby[0m
        boardartic0_.board_article_id desc limit 4

2025-02-26 13:46:43.308  INFO 25480 [nio-8083-exec-1] jdbc.resultsettable                      : [4EF90E5F48A8      anonymousUser] 
|-----------------|-----------|------------|---------|---------------------------------------------------------------------------------------------------------------------------------------------------------------------------------------------------------------------------------------------------------------------------------------------------------------------------------------------------------------------------------|----------|----------|--------|---------------------------|---------------------------|--------|
|board_article_id |board_name |title       |content  |images_json                                                                                                                                                                                                                                                                                                                                                                      |secret_yn |notice_yn |view_yn |created_at                 |updated_at                 |menu_id |
|-----------------|-----------|------------|---------|---------------------------------------------------------------------------------------------------------------------------------------------------------------------------------------------------------------------------------------------------------------------------------------------------------------------------------------------------------------------------------|----------|----------|--------|---------------------------|---------------------------|--------|
|6                |갤러리      |갤러리 테스트 |[unread] |[{"id":177,"uuid":"feb66c42-13bd-40a6-a27a-b41e9b19c9a7","uploadName":"feb66c42-13bd-40a6-a27a-b41e9b19c9a7.jpg","originalName":"TEST.JPG","extension":"jpg","path":"/2024/11/27/feb66c42-13bd-40a6-a27a-b41e9b19c9a7.jpg","realUrl":"http://localhost:25130/uploads/2024/11/27/feb66c42-13bd-40a6-a27a-b41e9b19c9a7.jpg","size":3298,"createdAt":"2024-11-27T14:32:26.264844"}] |N         |N         |Y       |2024-11-27 14:32:29.422926 |2024-11-27 14:32:29.443867 |36      |
|3                |갤러리      |이미지 테스트 |[unread] |[{"id":105,"uuid":"02640d08-5179-4a14-becb-33ffe368f2e1","uploadName":"02640d08-5179-4a14-becb-33ffe368f2e1.jpg","originalName":"02.jpg","extension":"jpg","path":"/2024/11/22/02640d08-5179-4a14-becb-33ffe368f2e1.jpg","realUrl":"http://localhost:25130/uploads/2024/11/22/02640d08-5179-4a14-becb-33ffe368f2e1.jpg","size":195231,"createdAt":"2024-11-22T18:15:39.836040"}] |N         |N         |Y       |2024-11-22 18:15:51.0544   |2024-12-03 17:24:41.471858 |36      |
|-----------------|-----------|------------|---------|---------------------------------------------------------------------------------------------------------------------------------------------------------------------------------------------------------------------------------------------------------------------------------------------------------------------------------------------------------------------------------|----------|----------|--------|---------------------------|---------------------------|--------|

2025-02-26 13:46:43.368  INFO 25480 [nio-8083-exec-1] jdbc.sqltiming                           : [4EF90E5F48A8      anonymousUser] 6. executed in 7 ms | executeUpdate()
[35m[log4jdbc][0m 
    [34mINSERT[0m 
    [34mINTO[0m
        visitor_log
        (application_name, member_id, remote_addr, request_uri, group_date, created_at) 
    [34mVALUES[0m
        ([36m'webbizz-crm-web-[34muser[0m'[0m, -1, [36m'0:0:0:0:0:0:0:1'[0m, [36m'/'[0m, [36m'2025-02-26 00:00:00.000'[0m, [36m'2025-02-26 13:46:43.337'[0m) 
            [34mON[0m DUPLICATE [34mKEY[0m [34mUPDATE[0m
                hits = hits + 1,
            updated_at = [36m'2025-02-26 13:46:43.337'[0m

2025-02-26 13:46:43.419  INFO 25480 [nio-8083-exec-1] jdbc.sqltiming                           : [4EF90E5F48A8      anonymousUser] 7. executed in 4 ms | executeQuery()
[35m[log4jdbc][0m 
    [34mselect[0m
        menu0_.menu_id [34mas[0m col_0_0_,
        menu0_.parent_menu_id [34mas[0m col_1_0_,
        menu0_.group_menu_id [34mas[0m col_2_0_,
        menu0_.depth [34mas[0m col_3_0_,
        menu0_.sort_order [34mas[0m col_4_0_,
        menu0_.menu_name [34mas[0m col_5_0_,
        menu0_.menu_type [34mas[0m col_6_0_,
        menu0_.board_id [34mas[0m col_7_0_,
        menu0_.content [34mas[0m col_8_0_,
        menu0_.link_url [34mas[0m col_9_0_,
        menu0_.link_target [34mas[0m col_10_0_,
        menu0_.seo_keyword [34mas[0m col_11_0_,
        menu0_.seo_description [34mas[0m col_12_0_,
        menu0_.manager_department [34mas[0m col_13_0_,
        menu0_.manager_telephone [34mas[0m col_14_0_,
        menu0_.manager_email [34mas[0m col_15_0_,
        menu0_.public_use_yn [34mas[0m col_16_0_,
        menu0_.view_yn [34mas[0m col_17_0_ 
    [34mfrom[0m
        menu menu0_ 
    [34mwhere[0m
        menu0_.group_menu_id=1 
        [34mand[0m menu0_.del_yn=[36m'N'[0m 
    [34morder[0m [34mby[0m
        menu0_.depth asc,
        menu0_.sort_order asc

2025-02-26 13:46:43.422  INFO 25480 [nio-8083-exec-1] jdbc.resultsettable                      : [4EF90E5F48A8      anonymousUser] 
|--------|---------------|--------------|------|-----------|---------------|----------|---------|---------|------------------|------------|------------|----------------|-------------------|------------------|--------------|--------------|--------|
|menu_id |parent_menu_id |group_menu_id |depth |sort_order |menu_name      |menu_type |board_id |content  |link_url          |link_target |seo_keyword |seo_description |manager_department |manager_telephone |manager_email |public_use_yn |view_yn |
|--------|---------------|--------------|------|-----------|---------------|----------|---------|---------|------------------|------------|------------|----------------|-------------------|------------------|--------------|--------------|--------|
|36      |[NULL]         |1             |1     |1          |사업 소개        |BOARD     |2        |[unread] |naver.com         |NULL        |NULL        |NULL            |NULL               |NULL              |NULL          |N             |Y       |
|37      |[NULL]         |1             |1     |2          |추가 메뉴 1      |LINK      |[NULL]   |[unread] |/asdasd           |NULL        |NULL        |NULL            |NULL               |NULL              |NULL          |N             |Y       |
|39      |[NULL]         |1             |1     |3          |뉴스레터         |BOARD     |1        |[unread] |NULL              |NULL        |NULL        |NULL            |NULL               |NULL              |NULL          |N             |Y       |
|42      |[NULL]         |1             |1     |4          |테스트          |LINK      |[NULL]   |[unread] |https://naver.com |BLANK       |NULL        |NULL            |NULL               |NULL              |NULL          |N             |Y       |
|43      |[NULL]         |1             |1     |5          |etest          |BOARD     |10       |[unread] |NULL              |NULL        |NULL        |NULL            |NULL               |NULL              |NULL          |N             |N       |
|38      |36             |1             |2     |1          |2차 메뉴 테스트  |CONTENT   |[NULL]   |[unread] |NULL              |NULL        |NULL        |NULL            |NULL               |NULL              |NULL          |N             |Y       |
|40      |37             |1             |2     |1          |자유게시판_테스트 |BOARD     |1        |[unread] |NULL              |NULL        |NULL        |NULL            |NULL               |NULL              |NULL          |N             |Y       |
|41      |37             |1             |2     |2          |뉴스 테스트      |BOARD     |2        |[unread] |NULL              |NULL        |NULL        |NULL            |NULL               |NULL              |NULL          |N             |Y       |
|--------|---------------|--------------|------|-----------|---------------|----------|---------|---------|------------------|------------|------------|----------------|-------------------|------------------|--------------|--------------|--------|

2025-02-26 13:46:44.987  INFO 25480 [nio-8083-exec-1] jdbc.sqltiming                           : [4EF90E5F48A8      anonymousUser] 8. executed in 6 ms | executeQuery()
[35m[log4jdbc][0m 
    [34mselect[0m
        menu0_.menu_id [34mas[0m col_0_0_,
        menu0_.parent_menu_id [34mas[0m col_1_0_,
        menu0_.group_menu_id [34mas[0m col_2_0_,
        menu0_.depth [34mas[0m col_3_0_,
        menu0_.sort_order [34mas[0m col_4_0_,
        menu0_.menu_name [34mas[0m col_5_0_,
        menu0_.menu_type [34mas[0m col_6_0_,
        menu0_.board_id [34mas[0m col_7_0_,
        menu0_.content [34mas[0m col_8_0_,
        menu0_.link_url [34mas[0m col_9_0_,
        menu0_.link_target [34mas[0m col_10_0_,
        menu0_.seo_keyword [34mas[0m col_11_0_,
        menu0_.seo_description [34mas[0m col_12_0_,
        menu0_.manager_department [34mas[0m col_13_0_,
        menu0_.manager_telephone [34mas[0m col_14_0_,
        menu0_.manager_email [34mas[0m col_15_0_,
        menu0_.public_use_yn [34mas[0m col_16_0_,
        menu0_.view_yn [34mas[0m col_17_0_ 
    [34mfrom[0m
        menu menu0_ 
    [34mwhere[0m
        menu0_.group_menu_id=1 
        [34mand[0m menu0_.del_yn=[36m'N'[0m 
    [34morder[0m [34mby[0m
        menu0_.depth asc,
        menu0_.sort_order asc

2025-02-26 13:46:44.990  INFO 25480 [nio-8083-exec-1] jdbc.resultsettable                      : [4EF90E5F48A8      anonymousUser] 
|--------|---------------|--------------|------|-----------|---------------|----------|---------|---------|------------------|------------|------------|----------------|-------------------|------------------|--------------|--------------|--------|
|menu_id |parent_menu_id |group_menu_id |depth |sort_order |menu_name      |menu_type |board_id |content  |link_url          |link_target |seo_keyword |seo_description |manager_department |manager_telephone |manager_email |public_use_yn |view_yn |
|--------|---------------|--------------|------|-----------|---------------|----------|---------|---------|------------------|------------|------------|----------------|-------------------|------------------|--------------|--------------|--------|
|36      |[NULL]         |1             |1     |1          |사업 소개        |BOARD     |2        |[unread] |naver.com         |NULL        |NULL        |NULL            |NULL               |NULL              |NULL          |N             |Y       |
|37      |[NULL]         |1             |1     |2          |추가 메뉴 1      |LINK      |[NULL]   |[unread] |/asdasd           |NULL        |NULL        |NULL            |NULL               |NULL              |NULL          |N             |Y       |
|39      |[NULL]         |1             |1     |3          |뉴스레터         |BOARD     |1        |[unread] |NULL              |NULL        |NULL        |NULL            |NULL               |NULL              |NULL          |N             |Y       |
|42      |[NULL]         |1             |1     |4          |테스트          |LINK      |[NULL]   |[unread] |https://naver.com |BLANK       |NULL        |NULL            |NULL               |NULL              |NULL          |N             |Y       |
|43      |[NULL]         |1             |1     |5          |etest          |BOARD     |10       |[unread] |NULL              |NULL        |NULL        |NULL            |NULL               |NULL              |NULL          |N             |N       |
|38      |36             |1             |2     |1          |2차 메뉴 테스트  |CONTENT   |[NULL]   |[unread] |NULL              |NULL        |NULL        |NULL            |NULL               |NULL              |NULL          |N             |Y       |
|40      |37             |1             |2     |1          |자유게시판_테스트 |BOARD     |1        |[unread] |NULL              |NULL        |NULL        |NULL            |NULL               |NULL              |NULL          |N             |Y       |
|41      |37             |1             |2     |2          |뉴스 테스트      |BOARD     |2        |[unread] |NULL              |NULL        |NULL        |NULL            |NULL               |NULL              |NULL          |N             |Y       |
|--------|---------------|--------------|------|-----------|---------------|----------|---------|---------|------------------|------------|------------|----------------|-------------------|------------------|--------------|--------------|--------|

2025-02-26 13:46:45.314  INFO 25480 [nio-8083-exec-8] jdbc.sqltiming                           : [4EF90E5F48A8      anonymousUser] 9. executed in 8 ms | executeQuery()
[35m[log4jdbc][0m 
    [34mselect[0m
        attachment0_.attachment_id [34mas[0m attachme1_0_,
        attachment0_.created_at [34mas[0m created_2_0_,
        attachment0_.created_id [34mas[0m created_3_0_,
        attachment0_.del_yn [34mas[0m del_yn4_0_,
        attachment0_.updated_at [34mas[0m updated_5_0_,
        attachment0_.updated_id [34mas[0m updated_6_0_,
        attachment0_.version [34mas[0m version7_0_,
        attachment0_.extension [34mas[0m extensio8_0_,
        attachment0_.original_name [34mas[0m original9_0_,
        attachment0_.path [34mas[0m path10_0_,
        attachment0_.real_url [34mas[0m real_ur11_0_,
        attachment0_.file_size [34mas[0m file_si12_0_,
        attachment0_.source [34mas[0m source13_0_,
        attachment0_.upload_name [34mas[0m upload_14_0_,
        attachment0_.uuid [34mas[0m uuid15_0_,
        attachment0_.view_yn [34mas[0m view_yn16_0_ 
    [34mfrom[0m
        attachment attachment0_ 
    [34mwhere[0m
        attachment0_.uuid=[36m'c572168a-eb83-4c10-afc1-3ed853431adf'[0m 
        [34mand[0m attachment0_.del_yn=[36m'N'[0m

2025-02-26 13:46:45.337  INFO 25480 [nio-8083-exec-8] jdbc.resultsettable                      : [4EF90E5F48A8      anonymousUser] 
|--------------|---------------------------|-----------|-------|---------------------------|-----------|--------|----------|-----------------------|-----------------------------------------------------|-----------------------------------------------------------------------------------|----------|--------------------|-----------------------------------------|-------------------------------------|--------|
|attachment_id |created_at                 |created_id |del_yn |updated_at                 |updated_id |version |extension |original_name          |path                                                 |real_url                                                                           |file_size |source              |upload_name                              |uuid                                 |view_yn |
|--------------|---------------------------|-----------|-------|---------------------------|-----------|--------|----------|-----------------------|-----------------------------------------------------|-----------------------------------------------------------------------------------|----------|--------------------|-----------------------------------------|-------------------------------------|--------|
|188           |2024-12-04 16:32:05.230732 |1:admin    |N      |2024-12-04 16:32:13.644965 |1:admin    |1       |png       |main_visual_slide1.png |/2024/12/04/c572168a-eb83-4c10-afc1-3ed853431adf.png |http://localhost:25130/uploads/2024/12/04/c572168a-eb83-4c10-afc1-3ed853431adf.png |1476901   |top-banner-pc-image |c572168a-eb83-4c10-afc1-3ed853431adf.png |c572168a-eb83-4c10-afc1-3ed853431adf |Y       |
|--------------|---------------------------|-----------|-------|---------------------------|-----------|--------|----------|-----------------------|-----------------------------------------------------|-----------------------------------------------------------------------------------|----------|--------------------|-----------------------------------------|-------------------------------------|--------|

2025-02-26 13:46:45.455  INFO 25480 [nio-8083-exec-6] jdbc.sqltiming                           : [4EF90E5F48A8      anonymousUser] 10. executed in 12 ms | executeQuery()
[35m[log4jdbc][0m 
    [34mselect[0m
        attachment0_.attachment_id [34mas[0m attachme1_0_,
        attachment0_.created_at [34mas[0m created_2_0_,
        attachment0_.created_id [34mas[0m created_3_0_,
        attachment0_.del_yn [34mas[0m del_yn4_0_,
        attachment0_.updated_at [34mas[0m updated_5_0_,
        attachment0_.updated_id [34mas[0m updated_6_0_,
        attachment0_.version [34mas[0m version7_0_,
        attachment0_.extension [34mas[0m extensio8_0_,
        attachment0_.original_name [34mas[0m original9_0_,
        attachment0_.path [34mas[0m path10_0_,
        attachment0_.real_url [34mas[0m real_ur11_0_,
        attachment0_.file_size [34mas[0m file_si12_0_,
        attachment0_.source [34mas[0m source13_0_,
        attachment0_.upload_name [34mas[0m upload_14_0_,
        attachment0_.uuid [34mas[0m uuid15_0_,
        attachment0_.view_yn [34mas[0m view_yn16_0_ 
    [34mfrom[0m
        attachment attachment0_ 
    [34mwhere[0m
        attachment0_.uuid=[36m'6fb8fff2-6fa9-4773-ae90-a44bd9a43f4a'[0m 
        [34mand[0m attachment0_.del_yn=[36m'N'[0m

2025-02-26 13:46:45.456  INFO 25480 [nio-8083-exec-6] jdbc.resultsettable                      : [4EF90E5F48A8      anonymousUser] 
|--------------|---------------------------|-----------|-------|--------------------------|-----------|--------|----------|-------------------------|-----------------------------------------------------|-----------------------------------------------------------------------------------|----------|------------------------|-----------------------------------------|-------------------------------------|--------|
|attachment_id |created_at                 |created_id |del_yn |updated_at                |updated_id |version |extension |original_name            |path                                                 |real_url                                                                           |file_size |source                  |upload_name                              |uuid                                 |view_yn |
|--------------|---------------------------|-----------|-------|--------------------------|-----------|--------|----------|-------------------------|-----------------------------------------------------|-----------------------------------------------------------------------------------|----------|------------------------|-----------------------------------------|-------------------------------------|--------|
|189           |2024-12-04 16:32:09.565305 |1:admin    |N      |2024-12-04 16:32:13.67691 |1:admin    |1       |png       |main_visual_slide1_m.png |/2024/12/04/6fb8fff2-6fa9-4773-ae90-a44bd9a43f4a.png |http://localhost:25130/uploads/2024/12/04/6fb8fff2-6fa9-4773-ae90-a44bd9a43f4a.png |487981    |top-banner-mobile-image |6fb8fff2-6fa9-4773-ae90-a44bd9a43f4a.png |6fb8fff2-6fa9-4773-ae90-a44bd9a43f4a |Y       |
|--------------|---------------------------|-----------|-------|--------------------------|-----------|--------|----------|-------------------------|-----------------------------------------------------|-----------------------------------------------------------------------------------|----------|------------------------|-----------------------------------------|-------------------------------------|--------|

2025-02-26 13:46:45.503  INFO 25480 [nio-8083-exec-9] jdbc.sqltiming                           : [4EF90E5F48A8      anonymousUser] 12. executed in 7 ms | executeQuery()
[35m[log4jdbc][0m 
    [34mselect[0m
        attachment0_.attachment_id [34mas[0m attachme1_0_,
        attachment0_.created_at [34mas[0m created_2_0_,
        attachment0_.created_id [34mas[0m created_3_0_,
        attachment0_.del_yn [34mas[0m del_yn4_0_,
        attachment0_.updated_at [34mas[0m updated_5_0_,
        attachment0_.updated_id [34mas[0m updated_6_0_,
        attachment0_.version [34mas[0m version7_0_,
        attachment0_.extension [34mas[0m extensio8_0_,
        attachment0_.original_name [34mas[0m original9_0_,
        attachment0_.path [34mas[0m path10_0_,
        attachment0_.real_url [34mas[0m real_ur11_0_,
        attachment0_.file_size [34mas[0m file_si12_0_,
        attachment0_.source [34mas[0m source13_0_,
        attachment0_.upload_name [34mas[0m upload_14_0_,
        attachment0_.uuid [34mas[0m uuid15_0_,
        attachment0_.view_yn [34mas[0m view_yn16_0_ 
    [34mfrom[0m
        attachment attachment0_ 
    [34mwhere[0m
        attachment0_.uuid=[36m'09b52606-6b5f-4e04-b3b1-6a06555d1f44'[0m 
        [34mand[0m attachment0_.del_yn=[36m'N'[0m

2025-02-26 13:46:45.504  INFO 25480 [nio-8083-exec-9] jdbc.resultsettable                      : [4EF90E5F48A8      anonymousUser] 
|--------------|---------------------------|-----------|-------|---------------------------|-----------|--------|----------|--------------|-----------------------------------------------------|-----------------------------------------------------------------------------------|----------|--------------------|-----------------------------------------|-------------------------------------|--------|
|attachment_id |created_at                 |created_id |del_yn |updated_at                 |updated_id |version |extension |original_name |path                                                 |real_url                                                                           |file_size |source              |upload_name                              |uuid                                 |view_yn |
|--------------|---------------------------|-----------|-------|---------------------------|-----------|--------|----------|--------------|-----------------------------------------------------|-----------------------------------------------------------------------------------|----------|--------------------|-----------------------------------------|-------------------------------------|--------|
|182           |2024-12-03 11:34:39.214307 |1:admin    |N      |2024-12-03 11:34:44.149337 |1:admin    |1       |jpg       |04.jpg        |/2024/12/03/09b52606-6b5f-4e04-b3b1-6a06555d1f44.jpg |http://localhost:25130/uploads/2024/12/03/09b52606-6b5f-4e04-b3b1-6a06555d1f44.jpg |228817    |top-banner-pc-image |09b52606-6b5f-4e04-b3b1-6a06555d1f44.jpg |09b52606-6b5f-4e04-b3b1-6a06555d1f44 |Y       |
|--------------|---------------------------|-----------|-------|---------------------------|-----------|--------|----------|--------------|-----------------------------------------------------|-----------------------------------------------------------------------------------|----------|--------------------|-----------------------------------------|-------------------------------------|--------|

2025-02-26 13:46:45.509  INFO 25480 [nio-8083-exec-7] jdbc.sqltiming                           : [4EF90E5F48A8      anonymousUser] 11. executed in 13 ms | executeQuery()
[35m[log4jdbc][0m 
    [34mselect[0m
        attachment0_.attachment_id [34mas[0m attachme1_0_,
        attachment0_.created_at [34mas[0m created_2_0_,
        attachment0_.created_id [34mas[0m created_3_0_,
        attachment0_.del_yn [34mas[0m del_yn4_0_,
        attachment0_.updated_at [34mas[0m updated_5_0_,
        attachment0_.updated_id [34mas[0m updated_6_0_,
        attachment0_.version [34mas[0m version7_0_,
        attachment0_.extension [34mas[0m extensio8_0_,
        attachment0_.original_name [34mas[0m original9_0_,
        attachment0_.path [34mas[0m path10_0_,
        attachment0_.real_url [34mas[0m real_ur11_0_,
        attachment0_.file_size [34mas[0m file_si12_0_,
        attachment0_.source [34mas[0m source13_0_,
        attachment0_.upload_name [34mas[0m upload_14_0_,
        attachment0_.uuid [34mas[0m uuid15_0_,
        attachment0_.view_yn [34mas[0m view_yn16_0_ 
    [34mfrom[0m
        attachment attachment0_ 
    [34mwhere[0m
        attachment0_.uuid=[36m'fba1949a-6d7f-48c1-9dd5-1e008a5fc200'[0m 
        [34mand[0m attachment0_.del_yn=[36m'N'[0m

2025-02-26 13:46:45.510  INFO 25480 [nio-8083-exec-7] jdbc.resultsettable                      : [4EF90E5F48A8      anonymousUser] 
|--------------|---------------------------|-----------|-------|---------------------------|-----------|--------|----------|--------------|-----------------------------------------------------|-----------------------------------------------------------------------------------|----------|--------------------|-----------------------------------------|-------------------------------------|--------|
|attachment_id |created_at                 |created_id |del_yn |updated_at                 |updated_id |version |extension |original_name |path                                                 |real_url                                                                           |file_size |source              |upload_name                              |uuid                                 |view_yn |
|--------------|---------------------------|-----------|-------|---------------------------|-----------|--------|----------|--------------|-----------------------------------------------------|-----------------------------------------------------------------------------------|----------|--------------------|-----------------------------------------|-------------------------------------|--------|
|180           |2024-12-03 11:31:46.766067 |1:admin    |N      |2024-12-03 11:33:01.546355 |1:admin    |1       |jpg       |06.jpg        |/2024/12/03/fba1949a-6d7f-48c1-9dd5-1e008a5fc200.jpg |http://localhost:25130/uploads/2024/12/03/fba1949a-6d7f-48c1-9dd5-1e008a5fc200.jpg |233788    |top-banner-pc-image |fba1949a-6d7f-48c1-9dd5-1e008a5fc200.jpg |fba1949a-6d7f-48c1-9dd5-1e008a5fc200 |Y       |
|--------------|---------------------------|-----------|-------|---------------------------|-----------|--------|----------|--------------|-----------------------------------------------------|-----------------------------------------------------------------------------------|----------|--------------------|-----------------------------------------|-------------------------------------|--------|

2025-02-26 13:46:45.544  INFO 25480 [io-8083-exec-10] jdbc.sqltiming                           : [4EF90E5F48A8      anonymousUser] 13. executed in 16 ms | executeQuery()
[35m[log4jdbc][0m 
    [34mselect[0m
        attachment0_.attachment_id [34mas[0m attachme1_0_,
        attachment0_.created_at [34mas[0m created_2_0_,
        attachment0_.created_id [34mas[0m created_3_0_,
        attachment0_.del_yn [34mas[0m del_yn4_0_,
        attachment0_.updated_at [34mas[0m updated_5_0_,
        attachment0_.updated_id [34mas[0m updated_6_0_,
        attachment0_.version [34mas[0m version7_0_,
        attachment0_.extension [34mas[0m extensio8_0_,
        attachment0_.original_name [34mas[0m original9_0_,
        attachment0_.path [34mas[0m path10_0_,
        attachment0_.real_url [34mas[0m real_ur11_0_,
        attachment0_.file_size [34mas[0m file_si12_0_,
        attachment0_.source [34mas[0m source13_0_,
        attachment0_.upload_name [34mas[0m upload_14_0_,
        attachment0_.uuid [34mas[0m uuid15_0_,
        attachment0_.view_yn [34mas[0m view_yn16_0_ 
    [34mfrom[0m
        attachment attachment0_ 
    [34mwhere[0m
        attachment0_.uuid=[36m'8bc06340-e783-4539-8630-83d61c581d48'[0m 
        [34mand[0m attachment0_.del_yn=[36m'N'[0m

2025-02-26 13:46:45.545  INFO 25480 [io-8083-exec-10] jdbc.resultsettable                      : [4EF90E5F48A8      anonymousUser] 
|--------------|---------------------------|-----------|-------|---------------------------|-----------|--------|----------|-----------------------|-----------------------------------------------------|-----------------------------------------------------------------------------------|----------|--------------------|-----------------------------------------|-------------------------------------|--------|
|attachment_id |created_at                 |created_id |del_yn |updated_at                 |updated_id |version |extension |original_name          |path                                                 |real_url                                                                           |file_size |source              |upload_name                              |uuid                                 |view_yn |
|--------------|---------------------------|-----------|-------|---------------------------|-----------|--------|----------|-----------------------|-----------------------------------------------------|-----------------------------------------------------------------------------------|----------|--------------------|-----------------------------------------|-------------------------------------|--------|
|186           |2024-12-03 15:24:48.072787 |1:admin    |N      |2024-12-03 15:24:57.525287 |1:admin    |1       |png       |main_visual_slide1.png |/2024/12/03/8bc06340-e783-4539-8630-83d61c581d48.png |http://localhost:25130/uploads/2024/12/03/8bc06340-e783-4539-8630-83d61c581d48.png |1476901   |top-banner-pc-image |8bc06340-e783-4539-8630-83d61c581d48.png |8bc06340-e783-4539-8630-83d61c581d48 |Y       |
|--------------|---------------------------|-----------|-------|---------------------------|-----------|--------|----------|-----------------------|-----------------------------------------------------|-----------------------------------------------------------------------------------|----------|--------------------|-----------------------------------------|-------------------------------------|--------|

2025-02-26 13:46:45.595  INFO 25480 [nio-8083-exec-3] jdbc.sqltiming                           : [4EF90E5F48A8      anonymousUser] 15. executed in 15 ms | executeQuery()
[35m[log4jdbc][0m 
    [34mselect[0m
        attachment0_.attachment_id [34mas[0m attachme1_0_,
        attachment0_.created_at [34mas[0m created_2_0_,
        attachment0_.created_id [34mas[0m created_3_0_,
        attachment0_.del_yn [34mas[0m del_yn4_0_,
        attachment0_.updated_at [34mas[0m updated_5_0_,
        attachment0_.updated_id [34mas[0m updated_6_0_,
        attachment0_.version [34mas[0m version7_0_,
        attachment0_.extension [34mas[0m extensio8_0_,
        attachment0_.original_name [34mas[0m original9_0_,
        attachment0_.path [34mas[0m path10_0_,
        attachment0_.real_url [34mas[0m real_ur11_0_,
        attachment0_.file_size [34mas[0m file_si12_0_,
        attachment0_.source [34mas[0m source13_0_,
        attachment0_.upload_name [34mas[0m upload_14_0_,
        attachment0_.uuid [34mas[0m uuid15_0_,
        attachment0_.view_yn [34mas[0m view_yn16_0_ 
    [34mfrom[0m
        attachment attachment0_ 
    [34mwhere[0m
        attachment0_.uuid=[36m'02640d08-5179-4a14-becb-33ffe368f2e1'[0m 
        [34mand[0m attachment0_.del_yn=[36m'N'[0m

2025-02-26 13:46:45.596  INFO 25480 [nio-8083-exec-3] jdbc.resultsettable                      : [4EF90E5F48A8      anonymousUser] 
|--------------|--------------------------|-----------|-------|---------------------------|-----------|--------|----------|--------------|-----------------------------------------------------|-----------------------------------------------------------------------------------|----------|-------------|-----------------------------------------|-------------------------------------|--------|
|attachment_id |created_at                |created_id |del_yn |updated_at                 |updated_id |version |extension |original_name |path                                                 |real_url                                                                           |file_size |source       |upload_name                              |uuid                                 |view_yn |
|--------------|--------------------------|-----------|-------|---------------------------|-----------|--------|----------|--------------|-----------------------------------------------------|-----------------------------------------------------------------------------------|----------|-------------|-----------------------------------------|-------------------------------------|--------|
|105           |2024-11-22 18:15:39.83604 |1:admin    |N      |2024-11-22 18:15:51.044668 |1:admin    |1       |jpg       |02.jpg        |/2024/11/22/02640d08-5179-4a14-becb-33ffe368f2e1.jpg |http://localhost:25130/uploads/2024/11/22/02640d08-5179-4a14-becb-33ffe368f2e1.jpg |195231    |board-images |02640d08-5179-4a14-becb-33ffe368f2e1.jpg |02640d08-5179-4a14-becb-33ffe368f2e1 |Y       |
|--------------|--------------------------|-----------|-------|---------------------------|-----------|--------|----------|--------------|-----------------------------------------------------|-----------------------------------------------------------------------------------|----------|-------------|-----------------------------------------|-------------------------------------|--------|

2025-02-26 13:46:45.606  INFO 25480 [nio-8083-exec-2] jdbc.sqltiming                           : [4EF90E5F48A8      anonymousUser] 14. executed in 26 ms | executeQuery()
[35m[log4jdbc][0m 
    [34mselect[0m
        attachment0_.attachment_id [34mas[0m attachme1_0_,
        attachment0_.created_at [34mas[0m created_2_0_,
        attachment0_.created_id [34mas[0m created_3_0_,
        attachment0_.del_yn [34mas[0m del_yn4_0_,
        attachment0_.updated_at [34mas[0m updated_5_0_,
        attachment0_.updated_id [34mas[0m updated_6_0_,
        attachment0_.version [34mas[0m version7_0_,
        attachment0_.extension [34mas[0m extensio8_0_,
        attachment0_.original_name [34mas[0m original9_0_,
        attachment0_.path [34mas[0m path10_0_,
        attachment0_.real_url [34mas[0m real_ur11_0_,
        attachment0_.file_size [34mas[0m file_si12_0_,
        attachment0_.source [34mas[0m source13_0_,
        attachment0_.upload_name [34mas[0m upload_14_0_,
        attachment0_.uuid [34mas[0m uuid15_0_,
        attachment0_.view_yn [34mas[0m view_yn16_0_ 
    [34mfrom[0m
        attachment attachment0_ 
    [34mwhere[0m
        attachment0_.uuid=[36m'feb66c42-13bd-40a6-a27a-b41e9b19c9a7'[0m 
        [34mand[0m attachment0_.del_yn=[36m'N'[0m

2025-02-26 13:46:45.607  INFO 25480 [nio-8083-exec-2] jdbc.resultsettable                      : [4EF90E5F48A8      anonymousUser] 
|--------------|---------------------------|-----------|-------|---------------------------|-----------|--------|----------|--------------|-----------------------------------------------------|-----------------------------------------------------------------------------------|----------|-------------|-----------------------------------------|-------------------------------------|--------|
|attachment_id |created_at                 |created_id |del_yn |updated_at                 |updated_id |version |extension |original_name |path                                                 |real_url                                                                           |file_size |source       |upload_name                              |uuid                                 |view_yn |
|--------------|---------------------------|-----------|-------|---------------------------|-----------|--------|----------|--------------|-----------------------------------------------------|-----------------------------------------------------------------------------------|----------|-------------|-----------------------------------------|-------------------------------------|--------|
|177           |2024-11-27 14:32:26.264844 |1:admin    |N      |2024-11-27 14:32:29.403975 |1:admin    |1       |jpg       |TEST.JPG      |/2024/11/27/feb66c42-13bd-40a6-a27a-b41e9b19c9a7.jpg |http://localhost:25130/uploads/2024/11/27/feb66c42-13bd-40a6-a27a-b41e9b19c9a7.jpg |3298      |board-images |feb66c42-13bd-40a6-a27a-b41e9b19c9a7.jpg |feb66c42-13bd-40a6-a27a-b41e9b19c9a7 |Y       |
|--------------|---------------------------|-----------|-------|---------------------------|-----------|--------|----------|--------------|-----------------------------------------------------|-----------------------------------------------------------------------------------|----------|-------------|-----------------------------------------|-------------------------------------|--------|

2025-02-26 16:14:04.609  INFO 25480 [ionShutdownHook] j.LocalContainerEntityManagerFactoryBean : [                  anonymousUser] Closing JPA EntityManagerFactory for persistence unit 'primaryEntityManager'
2025-02-26 16:14:05.067  INFO 25480 [ionShutdownHook] com.zaxxer.hikari.HikariDataSource       : [                  anonymousUser] HikariPool-1 - Shutdown initiated...
2025-02-26 16:14:05.146  INFO 25480 [ionShutdownHook] com.zaxxer.hikari.HikariDataSource       : [                  anonymousUser] HikariPool-1 - Shutdown completed.
