2025-02-28 10:06:16.888  INFO 12092 [nio-8084-exec-8] jdbc.sqltiming                           : [4F8602663BDC      anonymousUser] 3001. executed in 7 ms | executeUpdate()
[35m[log4jdbc][0m 
    [34mINSERT[0m 
    [34mINTO[0m
        visitor_log
        (application_name, member_id, remote_addr, request_uri, group_date, created_at) 
    [34mVALUES[0m
        ([36m'webbizz-crm-web-admin'[0m, -1, [36m'0:0:0:0:0:0:0:1'[0m, [36m'/login'[0m, [36m'2025-02-28 00:00:00.000'[0m, [36m'2025-02-28 10:06:16.794'[0m) 
            [34mON[0m DUPLICATE [34mKEY[0m [34mUPDATE[0m
                hits = hits + 1,
            updated_at = [36m'2025-02-28 10:06:16.794'[0m

2025-02-28 11:29:08.948  INFO 12092 [nio-8084-exec-2] jdbc.sqltiming                           : [C3115841B953      anonymousUser] 3002. executed in 51 ms | executeQuery()
[35m[log4jdbc][0m 
    [34mselect[0m
        member0_.member_id [34mas[0m member_i1_7_,
        member0_.created_at [34mas[0m created_2_7_,
        member0_.created_id [34mas[0m created_3_7_,
        member0_.del_yn [34mas[0m del_yn4_7_,
        member0_.updated_at [34mas[0m updated_5_7_,
        member0_.updated_id [34mas[0m updated_6_7_,
        member0_.version [34mas[0m version7_7_,
        member0_.allow_ip_addresses_json [34mas[0m allow_ip8_7_,
        member0_.email [34mas[0m email9_7_,
        member0_.last_login_at [34mas[0m last_lo10_7_,
        member0_.login_id [34mas[0m login_i11_7_,
        member0_.mobile_number [34mas[0m mobile_12_7_,
        member0_.password [34mas[0m passwor13_7_,
        member0_.real_name [34mas[0m real_na14_7_,
        member0_.role [34mas[0m role15_7_,
        member0_.status_code [34mas[0m status_16_7_,
        member0_.telephone_number [34mas[0m telepho17_7_,
        member0_.withdrawal_at [34mas[0m withdra18_7_,
        member0_.withdrawal_reason [34mas[0m withdra19_7_ 
    [34mfrom[0m
        [34mmember[0m member0_ 
    [34mwhere[0m
        member0_.login_id=[36m'admin'[0m 
        [34mand[0m member0_.role=[36m'ROLE_ADMIN'[0m 
        [34mand[0m member0_.del_yn=[36m'N'[0m

2025-02-28 11:29:09.633  INFO 12092 [nio-8084-exec-2] jdbc.resultsettable                      : [C3115841B953      anonymousUser] 
|----------|----------------------|--------------|-------|---------------------------|-----------|--------|------------------------|--------------------|---------------------------|---------|--------------|-------------------------------------------------------------|----------|-----------|------------|-----------------|--------------|------------------|
|member_id |created_at            |created_id    |del_yn |updated_at                 |updated_id |version |allow_ip_addresses_json |email               |last_login_at              |login_id |mobile_number |password                                                     |real_name |role       |status_code |telephone_number |withdrawal_at |withdrawal_reason |
|----------|----------------------|--------------|-------|---------------------------|-----------|--------|------------------------|--------------------|---------------------------|---------|--------------|-------------------------------------------------------------|----------|-----------|------------|-----------------|--------------|------------------|
|1         |2024-11-18 18:00:00.0 |anonymousUser |N      |2025-02-28 02:18:21.619474 |1:admin    |517     |[unread]                |admin@webbizz.co.kr |2025-02-28 02:18:21.602844 |admin    |NULL          |$2a$10$rT2ltflSB9lUQrkf6YDj.uY1RZXx/jIJaR3zgY7S5o4DultRxPBG. |관리자     |ROLE_ADMIN |NORMAL      |01012345678      |NULL          |[unread]          |
|----------|----------------------|--------------|-------|---------------------------|-----------|--------|------------------------|--------------------|---------------------------|---------|--------------|-------------------------------------------------------------|----------|-----------|------------|-----------------|--------------|------------------|

2025-02-28 11:29:09.902  INFO 12092 [nio-8084-exec-2] jdbc.sqltiming                           : [C3115841B953      anonymousUser] 3002. executed in 13 ms | executeQuery()
[35m[log4jdbc][0m 
    [34mselect[0m
        authoritie0_.member_id [34mas[0m member_i5_9_0_,
        authoritie0_.member_authority_id [34mas[0m member_a1_9_0_,
        authoritie0_.member_authority_id [34mas[0m member_a1_9_1_,
        authoritie0_.created_at [34mas[0m created_2_9_1_,
        authoritie0_.created_id [34mas[0m created_3_9_1_,
        authoritie0_.authority_pattern_id [34mas[0m authorit4_9_1_,
        authoritie0_.member_id [34mas[0m member_i5_9_1_,
        authorityp1_.authority_pattern_id [34mas[0m authorit1_1_2_,
        authorityp1_.created_at [34mas[0m created_2_1_2_,
        authorityp1_.created_id [34mas[0m created_3_1_2_,
        authorityp1_.depth [34mas[0m depth4_1_2_,
        authorityp1_.description [34mas[0m descript5_1_2_,
        authorityp1_.manage_yn [34mas[0m manage_y6_1_2_,
        authorityp1_.authority_name [34mas[0m authorit7_1_2_,
        authorityp1_.parent_authority_pattern_id [34mas[0m parent_a8_1_2_,
        authorityp1_.role [34mas[0m role9_1_2_,
        authorityp1_.sort_order [34mas[0m sort_or10_1_2_,
        authorityp1_.url_pattern [34mas[0m url_pat11_1_2_ 
    [34mfrom[0m
        member_authority authoritie0_ 
    [34minner[0m [34mjoin[0m
        authority_pattern authorityp1_ 
            [34mon[0m authoritie0_.authority_pattern_id=authorityp1_.authority_pattern_id 
    [34mwhere[0m
        authoritie0_.member_id=1

2025-02-28 11:29:09.946  INFO 12092 [nio-8084-exec-2] jdbc.resultsettable                      : [C3115841B953      anonymousUser] 
|----------|--------------------|--------------------|---------------------------|-----------|---------------------|----------|---------------------|----------------------|-----------|------|------------|----------|---------------|----------------------------|-----------|-----------|------------|
|member_id |member_authority_id |member_authority_id |created_at                 |created_id |authority_pattern_id |member_id |authority_pattern_id |created_at            |created_id |depth |description |manage_yn |authority_name |parent_authority_pattern_id |role       |sort_order |url_pattern |
|----------|--------------------|--------------------|---------------------------|-----------|---------------------|----------|---------------------|----------------------|-----------|------|------------|----------|---------------|----------------------------|-----------|-----------|------------|
|1         |4                   |4                   |2024-12-03 14:28:44.058832 |1:admin    |1                    |1         |1                    |2024-11-18 18:25:00.0 |SYSTEM     |1     |모든 권한     |Y         |모든 권한        |[NULL]                      |ROLE_ADMIN |0          |/**         |
|----------|--------------------|--------------------|---------------------------|-----------|---------------------|----------|---------------------|----------------------|-----------|------|------------|----------|---------------|----------------------------|-----------|-----------|------------|

2025-02-28 11:29:10.644  INFO 12092 [nio-8084-exec-2] jdbc.sqltiming                           : [C3115841B953              admin] 3003. executed in 7 ms | executeQuery()
[35m[log4jdbc][0m 
    [34mselect[0m
        member0_.member_id [34mas[0m member_i1_7_1_,
        member0_.created_at [34mas[0m created_2_7_1_,
        member0_.created_id [34mas[0m created_3_7_1_,
        member0_.del_yn [34mas[0m del_yn4_7_1_,
        member0_.updated_at [34mas[0m updated_5_7_1_,
        member0_.updated_id [34mas[0m updated_6_7_1_,
        member0_.version [34mas[0m version7_7_1_,
        member0_.allow_ip_addresses_json [34mas[0m allow_ip8_7_1_,
        member0_.email [34mas[0m email9_7_1_,
        member0_.last_login_at [34mas[0m last_lo10_7_1_,
        member0_.login_id [34mas[0m login_i11_7_1_,
        member0_.mobile_number [34mas[0m mobile_12_7_1_,
        member0_.password [34mas[0m passwor13_7_1_,
        member0_.real_name [34mas[0m real_na14_7_1_,
        member0_.role [34mas[0m role15_7_1_,
        member0_.status_code [34mas[0m status_16_7_1_,
        member0_.telephone_number [34mas[0m telepho17_7_1_,
        member0_.withdrawal_at [34mas[0m withdra18_7_1_,
        member0_.withdrawal_reason [34mas[0m withdra19_7_1_,
        authoritie1_.member_id [34mas[0m member_i5_9_3_,
        authoritie1_.member_authority_id [34mas[0m member_a1_9_3_,
        authoritie1_.member_authority_id [34mas[0m member_a1_9_0_,
        authoritie1_.created_at [34mas[0m created_2_9_0_,
        authoritie1_.created_id [34mas[0m created_3_9_0_,
        authoritie1_.authority_pattern_id [34mas[0m authorit4_9_0_,
        authoritie1_.member_id [34mas[0m member_i5_9_0_ 
    [34mfrom[0m
        [34mmember[0m member0_ 
    [34mleft[0m [34mouter[0m [34mjoin[0m
        member_authority authoritie1_ 
            [34mon[0m member0_.member_id=authoritie1_.member_id 
    [34mwhere[0m
        member0_.member_id=1

2025-02-28 11:29:10.669  INFO 12092 [nio-8084-exec-2] jdbc.resultsettable                      : [C3115841B953              admin] 
|----------|----------------------|--------------|-------|---------------------------|-----------|--------|------------------------|--------------------|---------------------------|---------|--------------|-------------------------------------------------------------|----------|-----------|------------|-----------------|--------------|------------------|----------|--------------------|--------------------|---------------------------|-----------|---------------------|----------|
|member_id |created_at            |created_id    |del_yn |updated_at                 |updated_id |version |allow_ip_addresses_json |email               |last_login_at              |login_id |mobile_number |password                                                     |real_name |role       |status_code |telephone_number |withdrawal_at |withdrawal_reason |member_id |member_authority_id |member_authority_id |created_at                 |created_id |authority_pattern_id |member_id |
|----------|----------------------|--------------|-------|---------------------------|-----------|--------|------------------------|--------------------|---------------------------|---------|--------------|-------------------------------------------------------------|----------|-----------|------------|-----------------|--------------|------------------|----------|--------------------|--------------------|---------------------------|-----------|---------------------|----------|
|[unread]  |2024-11-18 18:00:00.0 |anonymousUser |N      |2025-02-28 02:18:21.619474 |1:admin    |517     |[unread]                |admin@webbizz.co.kr |2025-02-28 02:18:21.602844 |admin    |NULL          |$2a$10$rT2ltflSB9lUQrkf6YDj.uY1RZXx/jIJaR3zgY7S5o4DultRxPBG. |관리자     |ROLE_ADMIN |NORMAL      |01012345678      |NULL          |[unread]          |1         |4                   |4                   |2024-12-03 14:28:44.058832 |1:admin    |1                    |1         |
|----------|----------------------|--------------|-------|---------------------------|-----------|--------|------------------------|--------------------|---------------------------|---------|--------------|-------------------------------------------------------------|----------|-----------|------------|-----------------|--------------|------------------|----------|--------------------|--------------------|---------------------------|-----------|---------------------|----------|

2025-02-28 11:29:11.632  INFO 12092 [nio-8084-exec-2] jdbc.sqltiming                           : [C3115841B953              admin] 3003. executed in 952 ms | executeQuery()
[35m[log4jdbc][0m 
    [34mselect[0m
        authorityp0_.authority_pattern_id [34mas[0m authorit1_1_0_,
        authorityp0_.created_at [34mas[0m created_2_1_0_,
        authorityp0_.created_id [34mas[0m created_3_1_0_,
        authorityp0_.depth [34mas[0m depth4_1_0_,
        authorityp0_.description [34mas[0m descript5_1_0_,
        authorityp0_.manage_yn [34mas[0m manage_y6_1_0_,
        authorityp0_.authority_name [34mas[0m authorit7_1_0_,
        authorityp0_.parent_authority_pattern_id [34mas[0m parent_a8_1_0_,
        authorityp0_.role [34mas[0m role9_1_0_,
        authorityp0_.sort_order [34mas[0m sort_or10_1_0_,
        authorityp0_.url_pattern [34mas[0m url_pat11_1_0_ 
    [34mfrom[0m
        authority_pattern authorityp0_ 
    [34mwhere[0m
        authorityp0_.authority_pattern_id=1

2025-02-28 11:29:11.637  INFO 12092 [nio-8084-exec-2] jdbc.resultsettable                      : [C3115841B953              admin] 
|---------------------|----------------------|-----------|------|------------|----------|---------------|----------------------------|-----------|-----------|------------|
|authority_pattern_id |created_at            |created_id |depth |description |manage_yn |authority_name |parent_authority_pattern_id |role       |sort_order |url_pattern |
|---------------------|----------------------|-----------|------|------------|----------|---------------|----------------------------|-----------|-----------|------------|
|[unread]             |2024-11-18 18:25:00.0 |SYSTEM     |1     |모든 권한     |Y         |모든 권한        |[NULL]                      |ROLE_ADMIN |0          |/**         |
|---------------------|----------------------|-----------|------|------------|----------|---------------|----------------------------|-----------|-----------|------------|

2025-02-28 11:29:12.714  INFO 12092 [nio-8084-exec-2] jdbc.sqltiming                           : [C3115841B953              admin] 3003. executed in 7 ms | executeUpdate()
[35m[log4jdbc][0m 
    [34mupdate[0m
        [34mmember[0m 
    [34mset[0m
        del_yn=[36m'N'[0m,
        updated_at=[36m'2025-02-28 11:29:12.285'[0m,
        updated_id=[36m'1:admin'[0m,
        version=518,
        allow_ip_addresses_json=[36m'<Reader [34mof[0m length 2>'[0m,
        email=[36m'admin@webbizz.co.kr'[0m,
        last_login_at=[36m'2025-02-28 11:29:10.503'[0m,
        login_id=[36m'admin'[0m,
        mobile_number=[34mNULL[0m,
        password=[36m'$2a$10$rT2ltflSB9lUQrkf6YDj.uY1RZXx/jIJaR3zgY7S5o4DultRxPBG.'[0m,
        real_name=[36m'관리자'[0m,
        role=[36m'ROLE_ADMIN'[0m,
        status_code=[36m'NORMAL'[0m,
        telephone_number=[36m'01012345678'[0m,
        withdrawal_at=[34mNULL[0m,
        withdrawal_reason=[34mNULL[0m 
    [34mwhere[0m
        member_id=1 
        [34mand[0m version=517

2025-02-28 11:29:14.410  INFO 12092 [nio-8084-exec-2] jdbc.sqltiming                           : [C3115841B953              admin] 3004. executed in 3 ms | executeUpdate()
[35m[log4jdbc][0m 
    [34minsert[0m 
    [34minto[0m
        member_auditor
        (created_at, created_id, member_id, remote_addr, target_member_id, event_name) 
    [34mvalues[0m
        ([36m'2025-02-28 11:29:14.320'[0m, [36m'1:admin'[0m, 1, [36m'0:0:0:0:0:0:0:1'[0m, [34mNULL[0m, [36m'LOGIN'[0m)

2025-02-28 11:29:14.438  INFO 12092 [nio-8084-exec-2] jdbc.resultsettable                      : [C3115841B953              admin] 
|----------|
|insert_id |
|----------|
|290       |
|----------|

2025-02-28 14:32:17.693  INFO 12092 [ionShutdownHook] j.LocalContainerEntityManagerFactoryBean : [                  anonymousUser] Closing JPA EntityManagerFactory for persistence unit 'primaryEntityManager'
2025-02-28 14:32:17.882  INFO 12092 [ionShutdownHook] com.zaxxer.hikari.HikariDataSource       : [                  anonymousUser] HikariPool-1 - Shutdown initiated...
2025-02-28 14:32:17.930  INFO 12092 [ionShutdownHook] com.zaxxer.hikari.HikariDataSource       : [                  anonymousUser] HikariPool-1 - Shutdown completed.
